2020-03-13 13:08:57,738 - GetSlidingAndDoorConfig.py[line:2212] - INFO: lua file path =D:\HGSoftware\nginx-1.0.11\nginx-1.0.11\html\ServerData\037\Program\多功能拉板-海蒂斯三节轨.lua
2020-03-13 13:08:57,739 - GetSlidingAndDoorConfig.py[line:2243] - INFO: string=
2020-03-13 13:08:57,741 - GetSlidingAndDoorConfig.py[line:2212] - INFO: lua file path =D:\HGSoftware\nginx-1.0.11\nginx-1.0.11\html\ServerData\037\Program\海蒂斯三节轨判定.lua
2020-03-13 13:08:57,741 - GetSlidingAndDoorConfig.py[line:2243] - INFO: string=链接=模板目录\@模块\导轨模块\海蒂斯三节轨400;
2020-03-13 13:08:57,853 - GetSlidingAndDoorConfig.py[line:2212] - INFO: lua file path =D:\HGSoftware\nginx-1.0.11\nginx-1.0.11\html\ServerData\037\Program\抽拉板芯-海蒂斯三节轨.lua
2020-03-13 13:08:57,854 - GetSlidingAndDoorConfig.py[line:2243] - INFO: string=链接=模板目录\@模块\抽盒\海蒂斯三节轨-抽拉板400;
2020-03-13 13:08:57,937 - GetSlidingAndDoorConfig.py[line:2212] - INFO: lua file path =D:\HGSoftware\nginx-1.0.11\nginx-1.0.11\html\ServerData\037\Program\多功能拉板-海蒂斯三节轨.lua
2020-03-13 13:08:57,938 - GetSlidingAndDoorConfig.py[line:2243] - INFO: string=
2020-03-13 13:08:57,940 - GetSlidingAndDoorConfig.py[line:2212] - INFO: lua file path =D:\HGSoftware\nginx-1.0.11\nginx-1.0.11\html\ServerData\037\Program\海蒂斯三节轨判定.lua
2020-03-13 13:08:57,940 - GetSlidingAndDoorConfig.py[line:2243] - INFO: string=链接=模板目录\@模块\导轨模块\海蒂斯三节轨400;
2020-03-13 13:08:58,020 - GetSlidingAndDoorConfig.py[line:2212] - INFO: lua file path =D:\HGSoftware\nginx-1.0.11\nginx-1.0.11\html\ServerData\037\Program\抽拉板芯-海蒂斯三节轨.lua
2020-03-13 13:08:58,020 - GetSlidingAndDoorConfig.py[line:2243] - INFO: string=链接=模板目录\@模块\抽盒\海蒂斯三节轨-抽拉板400;
2020-03-13 13:08:58,112 - GetSlidingAndDoorConfig.py[line:2909] - INFO: D:\HGSoftware\nginx-1.0.11\nginx-1.0.11\html\ServerData\037,  luaobj=dict_keys(['多功能拉板-海蒂斯三节轨.lua', '海蒂斯三节轨判定.lua', 'linkpath', '抽拉板芯-海蒂斯三节轨.lua'])
2020-03-13 13:10:34,725 - GetSlidingAndDoorConfig.py[line:2212] - INFO: lua file path =D:\HGSoftware\nginx-1.0.11\nginx-1.0.11\html\ServerData\037\Program\多功能拉板-海蒂斯三节轨.lua
2020-03-13 13:10:34,726 - GetSlidingAndDoorConfig.py[line:2243] - INFO: string=
2020-03-13 13:10:34,728 - GetSlidingAndDoorConfig.py[line:2212] - INFO: lua file path =D:\HGSoftware\nginx-1.0.11\nginx-1.0.11\html\ServerData\037\Program\海蒂斯三节轨判定.lua
2020-03-13 13:10:34,728 - GetSlidingAndDoorConfig.py[line:2243] - INFO: string=链接=模板目录\@模块\导轨模块\海蒂斯三节轨400;
2020-03-13 13:10:34,810 - GetSlidingAndDoorConfig.py[line:2212] - INFO: lua file path =D:\HGSoftware\nginx-1.0.11\nginx-1.0.11\html\ServerData\037\Program\抽拉板芯-海蒂斯三节轨.lua
2020-03-13 13:10:34,811 - GetSlidingAndDoorConfig.py[line:2243] - INFO: string=链接=模板目录\@模块\抽盒\海蒂斯三节轨-抽拉板400;
2020-03-13 13:10:34,895 - GetSlidingAndDoorConfig.py[line:2212] - INFO: lua file path =D:\HGSoftware\nginx-1.0.11\nginx-1.0.11\html\ServerData\037\Program\多功能拉板-海蒂斯三节轨.lua
2020-03-13 13:10:34,896 - GetSlidingAndDoorConfig.py[line:2243] - INFO: string=
2020-03-13 13:10:34,898 - GetSlidingAndDoorConfig.py[line:2212] - INFO: lua file path =D:\HGSoftware\nginx-1.0.11\nginx-1.0.11\html\ServerData\037\Program\海蒂斯三节轨判定.lua
2020-03-13 13:10:34,898 - GetSlidingAndDoorConfig.py[line:2243] - INFO: string=链接=模板目录\@模块\导轨模块\海蒂斯三节轨400;
2020-03-13 13:10:34,979 - GetSlidingAndDoorConfig.py[line:2212] - INFO: lua file path =D:\HGSoftware\nginx-1.0.11\nginx-1.0.11\html\ServerData\037\Program\抽拉板芯-海蒂斯三节轨.lua
2020-03-13 13:10:34,980 - GetSlidingAndDoorConfig.py[line:2243] - INFO: string=链接=模板目录\@模块\抽盒\海蒂斯三节轨-抽拉板400;
2020-03-13 13:10:35,070 - GetSlidingAndDoorConfig.py[line:2909] - INFO: D:\HGSoftware\nginx-1.0.11\nginx-1.0.11\html\ServerData\037,  luaobj=dict_keys(['多功能拉板-海蒂斯三节轨.lua', '海蒂斯三节轨判定.lua', 'linkpath', '抽拉板芯-海蒂斯三节轨.lua'])
2020-03-13 13:11:00,080 - GetSlidingAndDoorConfig.py[line:2212] - INFO: lua file path =D:\HGSoftware\nginx-1.0.11\nginx-1.0.11\html\ServerData\037\Program\多功能拉板-海蒂斯三节轨.lua
2020-03-13 13:11:00,081 - GetSlidingAndDoorConfig.py[line:2243] - INFO: string=
2020-03-13 13:11:00,086 - GetSlidingAndDoorConfig.py[line:2212] - INFO: lua file path =D:\HGSoftware\nginx-1.0.11\nginx-1.0.11\html\ServerData\037\Program\海蒂斯三节轨判定.lua
2020-03-13 13:11:00,087 - GetSlidingAndDoorConfig.py[line:2243] - INFO: string=链接=模板目录\@模块\导轨模块\海蒂斯三节轨400;
2020-03-13 13:11:00,173 - GetSlidingAndDoorConfig.py[line:2212] - INFO: lua file path =D:\HGSoftware\nginx-1.0.11\nginx-1.0.11\html\ServerData\037\Program\抽拉板芯-海蒂斯三节轨.lua
2020-03-13 13:11:00,174 - GetSlidingAndDoorConfig.py[line:2243] - INFO: string=链接=模板目录\@模块\抽盒\海蒂斯三节轨-抽拉板400;
2020-03-13 13:11:00,267 - GetSlidingAndDoorConfig.py[line:2212] - INFO: lua file path =D:\HGSoftware\nginx-1.0.11\nginx-1.0.11\html\ServerData\037\Program\多功能拉板-海蒂斯三节轨.lua
2020-03-13 13:11:00,268 - GetSlidingAndDoorConfig.py[line:2243] - INFO: string=
2020-03-13 13:11:00,269 - GetSlidingAndDoorConfig.py[line:2212] - INFO: lua file path =D:\HGSoftware\nginx-1.0.11\nginx-1.0.11\html\ServerData\037\Program\海蒂斯三节轨判定.lua
2020-03-13 13:11:00,270 - GetSlidingAndDoorConfig.py[line:2243] - INFO: string=链接=模板目录\@模块\导轨模块\海蒂斯三节轨400;
2020-03-13 13:11:00,352 - GetSlidingAndDoorConfig.py[line:2212] - INFO: lua file path =D:\HGSoftware\nginx-1.0.11\nginx-1.0.11\html\ServerData\037\Program\抽拉板芯-海蒂斯三节轨.lua
2020-03-13 13:11:00,353 - GetSlidingAndDoorConfig.py[line:2243] - INFO: string=链接=模板目录\@模块\抽盒\海蒂斯三节轨-抽拉板400;
2020-03-13 13:11:00,434 - GetSlidingAndDoorConfig.py[line:2909] - INFO: D:\HGSoftware\nginx-1.0.11\nginx-1.0.11\html\ServerData\037,  luaobj=dict_keys(['多功能拉板-海蒂斯三节轨.lua', '海蒂斯三节轨判定.lua', 'linkpath', '抽拉板芯-海蒂斯三节轨.lua'])
2020-03-13 15:16:23,675 - GetSlidingAndDoorConfig.py[line:2212] - INFO: lua file path =D:\HGSoftware\nginx-1.0.11\nginx-1.0.11\html\ServerData\037\Program\多功能拉板-海蒂斯三节轨.lua
2020-03-13 15:16:23,717 - GetSlidingAndDoorConfig.py[line:2243] - INFO: string=
2020-03-13 15:16:23,752 - GetSlidingAndDoorConfig.py[line:2212] - INFO: lua file path =D:\HGSoftware\nginx-1.0.11\nginx-1.0.11\html\ServerData\037\Program\海蒂斯三节轨判定.lua
2020-03-13 15:16:23,755 - GetSlidingAndDoorConfig.py[line:2243] - INFO: string=链接=模板目录\@模块\导轨模块\海蒂斯三节轨400;
2020-03-13 15:16:24,460 - GetSlidingAndDoorConfig.py[line:2212] - INFO: lua file path =D:\HGSoftware\nginx-1.0.11\nginx-1.0.11\html\ServerData\037\Program\抽拉板芯-海蒂斯三节轨.lua
2020-03-13 15:16:24,463 - GetSlidingAndDoorConfig.py[line:2243] - INFO: string=链接=模板目录\@模块\抽盒\海蒂斯三节轨-抽拉板400;
2020-03-13 15:16:24,625 - GetSlidingAndDoorConfig.py[line:2212] - INFO: lua file path =D:\HGSoftware\nginx-1.0.11\nginx-1.0.11\html\ServerData\037\Program\多功能拉板-海蒂斯三节轨.lua
2020-03-13 15:16:24,627 - GetSlidingAndDoorConfig.py[line:2243] - INFO: string=
2020-03-13 15:16:24,628 - GetSlidingAndDoorConfig.py[line:2212] - INFO: lua file path =D:\HGSoftware\nginx-1.0.11\nginx-1.0.11\html\ServerData\037\Program\海蒂斯三节轨判定.lua
2020-03-13 15:16:24,629 - GetSlidingAndDoorConfig.py[line:2243] - INFO: string=链接=模板目录\@模块\导轨模块\海蒂斯三节轨400;
2020-03-13 15:16:24,716 - GetSlidingAndDoorConfig.py[line:2212] - INFO: lua file path =D:\HGSoftware\nginx-1.0.11\nginx-1.0.11\html\ServerData\037\Program\抽拉板芯-海蒂斯三节轨.lua
2020-03-13 15:16:24,720 - GetSlidingAndDoorConfig.py[line:2243] - INFO: string=链接=模板目录\@模块\抽盒\海蒂斯三节轨-抽拉板400;
2020-03-13 15:16:24,832 - GetSlidingAndDoorConfig.py[line:2909] - INFO: D:\HGSoftware\nginx-1.0.11\nginx-1.0.11\html\ServerData\037,  luaobj=dict_keys(['多功能拉板-海蒂斯三节轨.lua', '海蒂斯三节轨判定.lua', 'linkpath', '抽拉板芯-海蒂斯三节轨.lua'])
2020-03-13 15:17:27,603 - GetSlidingAndDoorConfig.py[line:2212] - INFO: lua file path =D:\HGSoftware\nginx-1.0.11\nginx-1.0.11\html\ServerData\037\Program\多功能拉板-海蒂斯三节轨.lua
2020-03-13 15:17:27,604 - GetSlidingAndDoorConfig.py[line:2243] - INFO: string=
2020-03-13 15:17:27,606 - GetSlidingAndDoorConfig.py[line:2212] - INFO: lua file path =D:\HGSoftware\nginx-1.0.11\nginx-1.0.11\html\ServerData\037\Program\海蒂斯三节轨判定.lua
2020-03-13 15:17:27,606 - GetSlidingAndDoorConfig.py[line:2243] - INFO: string=链接=模板目录\@模块\导轨模块\海蒂斯三节轨400;
2020-03-13 15:17:27,702 - GetSlidingAndDoorConfig.py[line:2212] - INFO: lua file path =D:\HGSoftware\nginx-1.0.11\nginx-1.0.11\html\ServerData\037\Program\抽拉板芯-海蒂斯三节轨.lua
2020-03-13 15:17:27,703 - GetSlidingAndDoorConfig.py[line:2243] - INFO: string=链接=模板目录\@模块\抽盒\海蒂斯三节轨-抽拉板400;
2020-03-13 15:17:27,793 - GetSlidingAndDoorConfig.py[line:2212] - INFO: lua file path =D:\HGSoftware\nginx-1.0.11\nginx-1.0.11\html\ServerData\037\Program\多功能拉板-海蒂斯三节轨.lua
2020-03-13 15:17:27,795 - GetSlidingAndDoorConfig.py[line:2243] - INFO: string=
2020-03-13 15:17:27,801 - GetSlidingAndDoorConfig.py[line:2212] - INFO: lua file path =D:\HGSoftware\nginx-1.0.11\nginx-1.0.11\html\ServerData\037\Program\海蒂斯三节轨判定.lua
2020-03-13 15:17:27,803 - GetSlidingAndDoorConfig.py[line:2243] - INFO: string=链接=模板目录\@模块\导轨模块\海蒂斯三节轨400;
2020-03-13 15:17:27,899 - GetSlidingAndDoorConfig.py[line:2212] - INFO: lua file path =D:\HGSoftware\nginx-1.0.11\nginx-1.0.11\html\ServerData\037\Program\抽拉板芯-海蒂斯三节轨.lua
2020-03-13 15:17:27,900 - GetSlidingAndDoorConfig.py[line:2243] - INFO: string=链接=模板目录\@模块\抽盒\海蒂斯三节轨-抽拉板400;
2020-03-13 15:17:28,018 - GetSlidingAndDoorConfig.py[line:2909] - INFO: D:\HGSoftware\nginx-1.0.11\nginx-1.0.11\html\ServerData\037,  luaobj=dict_keys(['多功能拉板-海蒂斯三节轨.lua', '海蒂斯三节轨判定.lua', 'linkpath', '抽拉板芯-海蒂斯三节轨.lua'])
2020-03-13 15:18:01,857 - GetSlidingAndDoorConfig.py[line:2212] - INFO: lua file path =D:\HGSoftware\nginx-1.0.11\nginx-1.0.11\html\ServerData\037\Program\多功能拉板-海蒂斯三节轨.lua
2020-03-13 15:18:01,857 - GetSlidingAndDoorConfig.py[line:2243] - INFO: string=
2020-03-13 15:18:01,859 - GetSlidingAndDoorConfig.py[line:2212] - INFO: lua file path =D:\HGSoftware\nginx-1.0.11\nginx-1.0.11\html\ServerData\037\Program\海蒂斯三节轨判定.lua
2020-03-13 15:18:01,860 - GetSlidingAndDoorConfig.py[line:2243] - INFO: string=链接=模板目录\@模块\导轨模块\海蒂斯三节轨400;
2020-03-13 15:18:01,980 - GetSlidingAndDoorConfig.py[line:2212] - INFO: lua file path =D:\HGSoftware\nginx-1.0.11\nginx-1.0.11\html\ServerData\037\Program\抽拉板芯-海蒂斯三节轨.lua
2020-03-13 15:18:01,982 - GetSlidingAndDoorConfig.py[line:2243] - INFO: string=链接=模板目录\@模块\抽盒\海蒂斯三节轨-抽拉板400;
2020-03-13 15:18:02,092 - GetSlidingAndDoorConfig.py[line:2212] - INFO: lua file path =D:\HGSoftware\nginx-1.0.11\nginx-1.0.11\html\ServerData\037\Program\多功能拉板-海蒂斯三节轨.lua
2020-03-13 15:18:02,093 - GetSlidingAndDoorConfig.py[line:2243] - INFO: string=
2020-03-13 15:18:02,096 - GetSlidingAndDoorConfig.py[line:2212] - INFO: lua file path =D:\HGSoftware\nginx-1.0.11\nginx-1.0.11\html\ServerData\037\Program\海蒂斯三节轨判定.lua
2020-03-13 15:18:02,098 - GetSlidingAndDoorConfig.py[line:2243] - INFO: string=链接=模板目录\@模块\导轨模块\海蒂斯三节轨400;
2020-03-13 15:18:02,210 - GetSlidingAndDoorConfig.py[line:2212] - INFO: lua file path =D:\HGSoftware\nginx-1.0.11\nginx-1.0.11\html\ServerData\037\Program\抽拉板芯-海蒂斯三节轨.lua
2020-03-13 15:18:02,211 - GetSlidingAndDoorConfig.py[line:2243] - INFO: string=链接=模板目录\@模块\抽盒\海蒂斯三节轨-抽拉板400;
2020-03-13 15:18:02,317 - GetSlidingAndDoorConfig.py[line:2909] - INFO: D:\HGSoftware\nginx-1.0.11\nginx-1.0.11\html\ServerData\037,  luaobj=dict_keys(['多功能拉板-海蒂斯三节轨.lua', '海蒂斯三节轨判定.lua', 'linkpath', '抽拉板芯-海蒂斯三节轨.lua'])
2020-03-13 15:46:36,556 - GetSlidingAndDoorConfig.py[line:2212] - INFO: lua file path =D:\HGSoftware\nginx-1.0.11\nginx-1.0.11\html\ServerData\037\Program\多功能拉板-海蒂斯三节轨.lua
2020-03-13 15:46:36,558 - GetSlidingAndDoorConfig.py[line:2243] - INFO: string=
2020-03-13 15:46:36,559 - GetSlidingAndDoorConfig.py[line:2212] - INFO: lua file path =D:\HGSoftware\nginx-1.0.11\nginx-1.0.11\html\ServerData\037\Program\海蒂斯三节轨判定.lua
2020-03-13 15:46:36,560 - GetSlidingAndDoorConfig.py[line:2243] - INFO: string=链接=模板目录\@模块\导轨模块\海蒂斯三节轨400;
2020-03-13 15:46:36,646 - GetSlidingAndDoorConfig.py[line:2212] - INFO: lua file path =D:\HGSoftware\nginx-1.0.11\nginx-1.0.11\html\ServerData\037\Program\抽拉板芯-海蒂斯三节轨.lua
2020-03-13 15:46:36,647 - GetSlidingAndDoorConfig.py[line:2243] - INFO: string=链接=模板目录\@模块\抽盒\海蒂斯三节轨-抽拉板400;
2020-03-13 15:46:36,741 - GetSlidingAndDoorConfig.py[line:2212] - INFO: lua file path =D:\HGSoftware\nginx-1.0.11\nginx-1.0.11\html\ServerData\037\Program\多功能拉板-海蒂斯三节轨.lua
2020-03-13 15:46:36,742 - GetSlidingAndDoorConfig.py[line:2243] - INFO: string=
2020-03-13 15:46:36,745 - GetSlidingAndDoorConfig.py[line:2212] - INFO: lua file path =D:\HGSoftware\nginx-1.0.11\nginx-1.0.11\html\ServerData\037\Program\海蒂斯三节轨判定.lua
2020-03-13 15:46:36,745 - GetSlidingAndDoorConfig.py[line:2243] - INFO: string=链接=模板目录\@模块\导轨模块\海蒂斯三节轨400;
2020-03-13 15:46:36,884 - GetSlidingAndDoorConfig.py[line:2212] - INFO: lua file path =D:\HGSoftware\nginx-1.0.11\nginx-1.0.11\html\ServerData\037\Program\抽拉板芯-海蒂斯三节轨.lua
2020-03-13 15:46:36,885 - GetSlidingAndDoorConfig.py[line:2243] - INFO: string=链接=模板目录\@模块\抽盒\海蒂斯三节轨-抽拉板400;
2020-03-13 15:46:36,978 - GetSlidingAndDoorConfig.py[line:2909] - INFO: D:\HGSoftware\nginx-1.0.11\nginx-1.0.11\html\ServerData\037,  luaobj=dict_keys(['多功能拉板-海蒂斯三节轨.lua', '海蒂斯三节轨判定.lua', 'linkpath', '抽拉板芯-海蒂斯三节轨.lua'])
2020-03-13 15:46:41,205 - GetSlidingAndDoorConfig.py[line:2212] - INFO: lua file path =D:\HGSoftware\nginx-1.0.11\nginx-1.0.11\html\ServerData\037\Program\多功能拉板-海蒂斯三节轨.lua
2020-03-13 15:46:41,206 - GetSlidingAndDoorConfig.py[line:2243] - INFO: string=
2020-03-13 15:46:41,207 - GetSlidingAndDoorConfig.py[line:2212] - INFO: lua file path =D:\HGSoftware\nginx-1.0.11\nginx-1.0.11\html\ServerData\037\Program\海蒂斯三节轨判定.lua
2020-03-13 15:46:41,208 - GetSlidingAndDoorConfig.py[line:2243] - INFO: string=链接=模板目录\@模块\导轨模块\海蒂斯三节轨400;
2020-03-13 15:46:41,299 - GetSlidingAndDoorConfig.py[line:2212] - INFO: lua file path =D:\HGSoftware\nginx-1.0.11\nginx-1.0.11\html\ServerData\037\Program\抽拉板芯-海蒂斯三节轨.lua
2020-03-13 15:46:41,300 - GetSlidingAndDoorConfig.py[line:2243] - INFO: string=链接=模板目录\@模块\抽盒\海蒂斯三节轨-抽拉板400;
2020-03-13 15:46:41,390 - GetSlidingAndDoorConfig.py[line:2212] - INFO: lua file path =D:\HGSoftware\nginx-1.0.11\nginx-1.0.11\html\ServerData\037\Program\多功能拉板-海蒂斯三节轨.lua
2020-03-13 15:46:41,392 - GetSlidingAndDoorConfig.py[line:2243] - INFO: string=
2020-03-13 15:46:41,396 - GetSlidingAndDoorConfig.py[line:2212] - INFO: lua file path =D:\HGSoftware\nginx-1.0.11\nginx-1.0.11\html\ServerData\037\Program\海蒂斯三节轨判定.lua
2020-03-13 15:46:41,398 - GetSlidingAndDoorConfig.py[line:2243] - INFO: string=链接=模板目录\@模块\导轨模块\海蒂斯三节轨400;
2020-03-13 15:46:41,501 - GetSlidingAndDoorConfig.py[line:2212] - INFO: lua file path =D:\HGSoftware\nginx-1.0.11\nginx-1.0.11\html\ServerData\037\Program\抽拉板芯-海蒂斯三节轨.lua
2020-03-13 15:46:41,502 - GetSlidingAndDoorConfig.py[line:2243] - INFO: string=链接=模板目录\@模块\抽盒\海蒂斯三节轨-抽拉板400;
2020-03-13 15:46:41,583 - GetSlidingAndDoorConfig.py[line:2909] - INFO: D:\HGSoftware\nginx-1.0.11\nginx-1.0.11\html\ServerData\037,  luaobj=dict_keys(['多功能拉板-海蒂斯三节轨.lua', '海蒂斯三节轨判定.lua', 'linkpath', '抽拉板芯-海蒂斯三节轨.lua'])
2020-03-13 15:47:17,442 - GetSlidingAndDoorConfig.py[line:2212] - INFO: lua file path =D:\HGSoftware\nginx-1.0.11\nginx-1.0.11\html\ServerData\037\Program\多功能拉板-海蒂斯三节轨.lua
2020-03-13 15:47:17,443 - GetSlidingAndDoorConfig.py[line:2243] - INFO: string=
2020-03-13 15:47:17,445 - GetSlidingAndDoorConfig.py[line:2212] - INFO: lua file path =D:\HGSoftware\nginx-1.0.11\nginx-1.0.11\html\ServerData\037\Program\海蒂斯三节轨判定.lua
2020-03-13 15:47:17,446 - GetSlidingAndDoorConfig.py[line:2243] - INFO: string=链接=模板目录\@模块\导轨模块\海蒂斯三节轨400;
2020-03-13 15:47:17,567 - GetSlidingAndDoorConfig.py[line:2212] - INFO: lua file path =D:\HGSoftware\nginx-1.0.11\nginx-1.0.11\html\ServerData\037\Program\抽拉板芯-海蒂斯三节轨.lua
2020-03-13 15:47:17,568 - GetSlidingAndDoorConfig.py[line:2243] - INFO: string=链接=模板目录\@模块\抽盒\海蒂斯三节轨-抽拉板400;
2020-03-13 15:47:17,673 - GetSlidingAndDoorConfig.py[line:2212] - INFO: lua file path =D:\HGSoftware\nginx-1.0.11\nginx-1.0.11\html\ServerData\037\Program\多功能拉板-海蒂斯三节轨.lua
2020-03-13 15:47:17,675 - GetSlidingAndDoorConfig.py[line:2243] - INFO: string=
2020-03-13 15:47:17,678 - GetSlidingAndDoorConfig.py[line:2212] - INFO: lua file path =D:\HGSoftware\nginx-1.0.11\nginx-1.0.11\html\ServerData\037\Program\海蒂斯三节轨判定.lua
2020-03-13 15:47:17,679 - GetSlidingAndDoorConfig.py[line:2243] - INFO: string=链接=模板目录\@模块\导轨模块\海蒂斯三节轨400;
2020-03-13 15:47:17,771 - GetSlidingAndDoorConfig.py[line:2212] - INFO: lua file path =D:\HGSoftware\nginx-1.0.11\nginx-1.0.11\html\ServerData\037\Program\抽拉板芯-海蒂斯三节轨.lua
2020-03-13 15:47:17,772 - GetSlidingAndDoorConfig.py[line:2243] - INFO: string=链接=模板目录\@模块\抽盒\海蒂斯三节轨-抽拉板400;
2020-03-13 15:47:17,855 - GetSlidingAndDoorConfig.py[line:2909] - INFO: D:\HGSoftware\nginx-1.0.11\nginx-1.0.11\html\ServerData\037,  luaobj=dict_keys(['多功能拉板-海蒂斯三节轨.lua', '海蒂斯三节轨判定.lua', 'linkpath', '抽拉板芯-海蒂斯三节轨.lua'])
2020-03-13 15:47:25,270 - GetSlidingAndDoorConfig.py[line:2212] - INFO: lua file path =D:\HGSoftware\nginx-1.0.11\nginx-1.0.11\html\ServerData\037\Program\多功能拉板-海蒂斯三节轨.lua
2020-03-13 15:47:25,270 - GetSlidingAndDoorConfig.py[line:2243] - INFO: string=
2020-03-13 15:47:25,273 - GetSlidingAndDoorConfig.py[line:2212] - INFO: lua file path =D:\HGSoftware\nginx-1.0.11\nginx-1.0.11\html\ServerData\037\Program\海蒂斯三节轨判定.lua
2020-03-13 15:47:25,274 - GetSlidingAndDoorConfig.py[line:2243] - INFO: string=链接=模板目录\@模块\导轨模块\海蒂斯三节轨400;
2020-03-13 15:47:25,355 - GetSlidingAndDoorConfig.py[line:2212] - INFO: lua file path =D:\HGSoftware\nginx-1.0.11\nginx-1.0.11\html\ServerData\037\Program\抽拉板芯-海蒂斯三节轨.lua
2020-03-13 15:47:25,356 - GetSlidingAndDoorConfig.py[line:2243] - INFO: string=链接=模板目录\@模块\抽盒\海蒂斯三节轨-抽拉板400;
2020-03-13 15:47:25,452 - GetSlidingAndDoorConfig.py[line:2212] - INFO: lua file path =D:\HGSoftware\nginx-1.0.11\nginx-1.0.11\html\ServerData\037\Program\多功能拉板-海蒂斯三节轨.lua
2020-03-13 15:47:25,453 - GetSlidingAndDoorConfig.py[line:2243] - INFO: string=
2020-03-13 15:47:25,455 - GetSlidingAndDoorConfig.py[line:2212] - INFO: lua file path =D:\HGSoftware\nginx-1.0.11\nginx-1.0.11\html\ServerData\037\Program\海蒂斯三节轨判定.lua
2020-03-13 15:47:25,455 - GetSlidingAndDoorConfig.py[line:2243] - INFO: string=链接=模板目录\@模块\导轨模块\海蒂斯三节轨400;
2020-03-13 15:47:25,542 - GetSlidingAndDoorConfig.py[line:2212] - INFO: lua file path =D:\HGSoftware\nginx-1.0.11\nginx-1.0.11\html\ServerData\037\Program\抽拉板芯-海蒂斯三节轨.lua
2020-03-13 15:47:25,543 - GetSlidingAndDoorConfig.py[line:2243] - INFO: string=链接=模板目录\@模块\抽盒\海蒂斯三节轨-抽拉板400;
2020-03-13 15:47:25,689 - GetSlidingAndDoorConfig.py[line:2909] - INFO: D:\HGSoftware\nginx-1.0.11\nginx-1.0.11\html\ServerData\037,  luaobj=dict_keys(['多功能拉板-海蒂斯三节轨.lua', '海蒂斯三节轨判定.lua', 'linkpath', '抽拉板芯-海蒂斯三节轨.lua'])
2020-03-13 15:47:32,907 - GetSlidingAndDoorConfig.py[line:2212] - INFO: lua file path =D:\HGSoftware\nginx-1.0.11\nginx-1.0.11\html\ServerData\037\Program\多功能拉板-海蒂斯三节轨.lua
2020-03-13 15:47:32,908 - GetSlidingAndDoorConfig.py[line:2243] - INFO: string=
2020-03-13 15:47:32,909 - GetSlidingAndDoorConfig.py[line:2212] - INFO: lua file path =D:\HGSoftware\nginx-1.0.11\nginx-1.0.11\html\ServerData\037\Program\海蒂斯三节轨判定.lua
2020-03-13 15:47:32,910 - GetSlidingAndDoorConfig.py[line:2243] - INFO: string=链接=模板目录\@模块\导轨模块\海蒂斯三节轨400;
2020-03-13 15:47:32,991 - GetSlidingAndDoorConfig.py[line:2212] - INFO: lua file path =D:\HGSoftware\nginx-1.0.11\nginx-1.0.11\html\ServerData\037\Program\抽拉板芯-海蒂斯三节轨.lua
2020-03-13 15:47:32,992 - GetSlidingAndDoorConfig.py[line:2243] - INFO: string=链接=模板目录\@模块\抽盒\海蒂斯三节轨-抽拉板400;
2020-03-13 15:47:33,086 - GetSlidingAndDoorConfig.py[line:2212] - INFO: lua file path =D:\HGSoftware\nginx-1.0.11\nginx-1.0.11\html\ServerData\037\Program\多功能拉板-海蒂斯三节轨.lua
2020-03-13 15:47:33,087 - GetSlidingAndDoorConfig.py[line:2243] - INFO: string=
2020-03-13 15:47:33,088 - GetSlidingAndDoorConfig.py[line:2212] - INFO: lua file path =D:\HGSoftware\nginx-1.0.11\nginx-1.0.11\html\ServerData\037\Program\海蒂斯三节轨判定.lua
2020-03-13 15:47:33,089 - GetSlidingAndDoorConfig.py[line:2243] - INFO: string=链接=模板目录\@模块\导轨模块\海蒂斯三节轨400;
2020-03-13 15:47:33,174 - GetSlidingAndDoorConfig.py[line:2212] - INFO: lua file path =D:\HGSoftware\nginx-1.0.11\nginx-1.0.11\html\ServerData\037\Program\抽拉板芯-海蒂斯三节轨.lua
2020-03-13 15:47:33,175 - GetSlidingAndDoorConfig.py[line:2243] - INFO: string=链接=模板目录\@模块\抽盒\海蒂斯三节轨-抽拉板400;
2020-03-13 15:47:33,265 - GetSlidingAndDoorConfig.py[line:2909] - INFO: D:\HGSoftware\nginx-1.0.11\nginx-1.0.11\html\ServerData\037,  luaobj=dict_keys(['多功能拉板-海蒂斯三节轨.lua', '海蒂斯三节轨判定.lua', 'linkpath', '抽拉板芯-海蒂斯三节轨.lua'])
2020-03-13 15:47:47,234 - GetSlidingAndDoorConfig.py[line:2212] - INFO: lua file path =D:\HGSoftware\nginx-1.0.11\nginx-1.0.11\html\ServerData\037\Program\多功能拉板-海蒂斯三节轨.lua
2020-03-13 15:47:47,234 - GetSlidingAndDoorConfig.py[line:2243] - INFO: string=
2020-03-13 15:47:47,236 - GetSlidingAndDoorConfig.py[line:2212] - INFO: lua file path =D:\HGSoftware\nginx-1.0.11\nginx-1.0.11\html\ServerData\037\Program\海蒂斯三节轨判定.lua
2020-03-13 15:47:47,237 - GetSlidingAndDoorConfig.py[line:2243] - INFO: string=链接=模板目录\@模块\导轨模块\海蒂斯三节轨400;
2020-03-13 15:47:47,326 - GetSlidingAndDoorConfig.py[line:2212] - INFO: lua file path =D:\HGSoftware\nginx-1.0.11\nginx-1.0.11\html\ServerData\037\Program\抽拉板芯-海蒂斯三节轨.lua
2020-03-13 15:47:47,327 - GetSlidingAndDoorConfig.py[line:2243] - INFO: string=链接=模板目录\@模块\抽盒\海蒂斯三节轨-抽拉板400;
2020-03-13 15:47:47,409 - GetSlidingAndDoorConfig.py[line:2212] - INFO: lua file path =D:\HGSoftware\nginx-1.0.11\nginx-1.0.11\html\ServerData\037\Program\多功能拉板-海蒂斯三节轨.lua
2020-03-13 15:47:47,410 - GetSlidingAndDoorConfig.py[line:2243] - INFO: string=
2020-03-13 15:47:47,412 - GetSlidingAndDoorConfig.py[line:2212] - INFO: lua file path =D:\HGSoftware\nginx-1.0.11\nginx-1.0.11\html\ServerData\037\Program\海蒂斯三节轨判定.lua
2020-03-13 15:47:47,414 - GetSlidingAndDoorConfig.py[line:2243] - INFO: string=链接=模板目录\@模块\导轨模块\海蒂斯三节轨400;
2020-03-13 15:47:47,500 - GetSlidingAndDoorConfig.py[line:2212] - INFO: lua file path =D:\HGSoftware\nginx-1.0.11\nginx-1.0.11\html\ServerData\037\Program\抽拉板芯-海蒂斯三节轨.lua
2020-03-13 15:47:47,501 - GetSlidingAndDoorConfig.py[line:2243] - INFO: string=链接=模板目录\@模块\抽盒\海蒂斯三节轨-抽拉板400;
2020-03-13 15:47:47,586 - GetSlidingAndDoorConfig.py[line:2909] - INFO: D:\HGSoftware\nginx-1.0.11\nginx-1.0.11\html\ServerData\037,  luaobj=dict_keys(['多功能拉板-海蒂斯三节轨.lua', '海蒂斯三节轨判定.lua', 'linkpath', '抽拉板芯-海蒂斯三节轨.lua'])
2020-03-13 15:48:40,123 - GetSlidingAndDoorConfig.py[line:2212] - INFO: lua file path =D:\HGSoftware\nginx-1.0.11\nginx-1.0.11\html\ServerData\037\Program\多功能拉板-海蒂斯三节轨.lua
2020-03-13 15:48:40,123 - GetSlidingAndDoorConfig.py[line:2243] - INFO: string=
2020-03-13 15:48:40,125 - GetSlidingAndDoorConfig.py[line:2212] - INFO: lua file path =D:\HGSoftware\nginx-1.0.11\nginx-1.0.11\html\ServerData\037\Program\海蒂斯三节轨判定.lua
2020-03-13 15:48:40,126 - GetSlidingAndDoorConfig.py[line:2243] - INFO: string=链接=模板目录\@模块\导轨模块\海蒂斯三节轨400;
2020-03-13 15:48:40,246 - GetSlidingAndDoorConfig.py[line:2212] - INFO: lua file path =D:\HGSoftware\nginx-1.0.11\nginx-1.0.11\html\ServerData\037\Program\抽拉板芯-海蒂斯三节轨.lua
2020-03-13 15:48:40,247 - GetSlidingAndDoorConfig.py[line:2243] - INFO: string=链接=模板目录\@模块\抽盒\海蒂斯三节轨-抽拉板400;
2020-03-13 15:48:40,339 - GetSlidingAndDoorConfig.py[line:2212] - INFO: lua file path =D:\HGSoftware\nginx-1.0.11\nginx-1.0.11\html\ServerData\037\Program\多功能拉板-海蒂斯三节轨.lua
2020-03-13 15:48:40,340 - GetSlidingAndDoorConfig.py[line:2243] - INFO: string=
2020-03-13 15:48:40,342 - GetSlidingAndDoorConfig.py[line:2212] - INFO: lua file path =D:\HGSoftware\nginx-1.0.11\nginx-1.0.11\html\ServerData\037\Program\海蒂斯三节轨判定.lua
2020-03-13 15:48:40,343 - GetSlidingAndDoorConfig.py[line:2243] - INFO: string=链接=模板目录\@模块\导轨模块\海蒂斯三节轨400;
2020-03-13 15:48:40,425 - GetSlidingAndDoorConfig.py[line:2212] - INFO: lua file path =D:\HGSoftware\nginx-1.0.11\nginx-1.0.11\html\ServerData\037\Program\抽拉板芯-海蒂斯三节轨.lua
2020-03-13 15:48:40,426 - GetSlidingAndDoorConfig.py[line:2243] - INFO: string=链接=模板目录\@模块\抽盒\海蒂斯三节轨-抽拉板400;
2020-03-13 15:48:40,510 - GetSlidingAndDoorConfig.py[line:2909] - INFO: D:\HGSoftware\nginx-1.0.11\nginx-1.0.11\html\ServerData\037,  luaobj=dict_keys(['多功能拉板-海蒂斯三节轨.lua', '海蒂斯三节轨判定.lua', 'linkpath', '抽拉板芯-海蒂斯三节轨.lua'])
