2019-12-05 18:01:03,266 [D:\HGSoftware\全友一体化20190418-0507已升级new1\Python\Log\all.log:4128] [INFO]- LUAPath=D:\HGSoftware\全友一体化20190418-0507已升级new1\Program\
2019-12-05 18:01:03,266 [D:\HGSoftware\全友一体化20190418-0507已升级new1\Python\Log\all.log:4130] [INFO]- luafile:D:\HGSoftware\全友一体化20190418-0507已升级new1\Program\竖脚线规则.lua
2019-12-05 18:01:05,226 [D:\HGSoftware\全友一体化20190418-0507已升级new1\Python\Log\all.log:4128] [INFO]- LUAPath=D:\HGSoftware\全友一体化20190418-0507已升级new1\Program\
2019-12-05 18:01:05,226 [D:\HGSoftware\全友一体化20190418-0507已升级new1\Python\Log\all.log:4130] [INFO]- luafile:D:\HGSoftware\全友一体化20190418-0507已升级new1\Program\竖脚线规则.lua
2019-12-05 18:01:05,532 [D:\HGSoftware\全友一体化20190418-0507已升级new1\Python\Log\all.log:4128] [INFO]- LUAPath=D:\HGSoftware\全友一体化20190418-0507已升级new1\Program\
2019-12-05 18:01:05,532 [D:\HGSoftware\全友一体化20190418-0507已升级new1\Python\Log\all.log:4130] [INFO]- luafile:D:\HGSoftware\全友一体化20190418-0507已升级new1\Program\竖脚线规则.lua
2019-12-05 18:01:06,127 [D:\HGSoftware\全友一体化20190418-0507已升级new1\Python\Log\all.log:4128] [INFO]- LUAPath=D:\HGSoftware\全友一体化20190418-0507已升级new1\Program\
2019-12-05 18:01:06,127 [D:\HGSoftware\全友一体化20190418-0507已升级new1\Python\Log\all.log:4130] [INFO]- luafile:D:\HGSoftware\全友一体化20190418-0507已升级new1\Program\抽盒-三节导轨.lua
2019-12-05 18:01:06,901 [D:\HGSoftware\全友一体化20190418-0507已升级new1\Python\Log\all.log:4128] [INFO]- LUAPath=D:\HGSoftware\全友一体化20190418-0507已升级new1\Program\
2019-12-05 18:01:06,901 [D:\HGSoftware\全友一体化20190418-0507已升级new1\Python\Log\all.log:4130] [INFO]- luafile:D:\HGSoftware\全友一体化20190418-0507已升级new1\Program\抽盒-三节导轨.lua
2019-12-05 18:01:07,108 [D:\HGSoftware\全友一体化20190418-0507已升级new1\Python\Log\all.log:4128] [INFO]- LUAPath=D:\HGSoftware\全友一体化20190418-0507已升级new1\Program\
2019-12-05 18:01:07,108 [D:\HGSoftware\全友一体化20190418-0507已升级new1\Python\Log\all.log:4130] [INFO]- luafile:D:\HGSoftware\全友一体化20190418-0507已升级new1\Program\抽盒-三节导轨.lua
2019-12-05 18:01:10,365 [D:/HGSoftware/全友一体化20190418-0507已升级new1/Python/PythontoBomJson/xmltojson.py:376] [INFO]- len of bomlist=139
2019-12-05 18:01:10,365 [D:/HGSoftware/全友一体化20190418-0507已升级new1/Python/PythontoBomJson/xmltojson.py:377] [INFO]- len of mProductList=1
2019-12-05 18:01:10,365 [D:/HGSoftware/全友一体化20190418-0507已升级new1/Python/PythontoBomJson/xmltojson.py:378] [INFO]- len of Desdoorlist=10
2019-12-05 18:01:10,365 [D:/HGSoftware/全友一体化20190418-0507已升级new1/Python/PythontoBomJson/xmltojson.py:379] [INFO]- len of Desslidinglist=0
2019-12-05 18:01:10,365 [D:/HGSoftware/全友一体化20190418-0507已升级new1/Python/PythontoBomJson/xmltojson.py:380] [INFO]- len of mBDXMLList=9
2019-12-05 18:01:17,634 [D:/HGSoftware/全友一体化20190418-0507已升级new1/Python/PythontoBomJson/xmltojson.py:397] [INFO]- len of basewjlist1=53
2019-12-05 18:01:17,841 [D:/HGSoftware/全友一体化20190418-0507已升级new1/Python/PythontoBomJson/xmltojson.py:402] [INFO]- len of basewjlist2=385
2019-12-05 18:27:39,451 [D:\HGSoftware\全友一体化20190418-0507已升级new1\Python\Log\all.log:4128] [INFO]- LUAPath=D:\HGSoftware\全友一体化20190418-0507已升级new1\Program\
2019-12-05 18:27:39,453 [D:\HGSoftware\全友一体化20190418-0507已升级new1\Python\Log\all.log:4130] [INFO]- luafile:D:\HGSoftware\全友一体化20190418-0507已升级new1\Program\移门垫盒垫块规则.lua
2019-12-05 18:27:40,299 [D:\HGSoftware\全友一体化20190418-0507已升级new1\Python\Log\all.log:4128] [INFO]- LUAPath=D:\HGSoftware\全友一体化20190418-0507已升级new1\Program\
2019-12-05 18:27:40,299 [D:\HGSoftware\全友一体化20190418-0507已升级new1\Python\Log\all.log:4130] [INFO]- luafile:D:\HGSoftware\全友一体化20190418-0507已升级new1\Program\竖脚线规则.lua
2019-12-05 18:27:40,598 [D:\HGSoftware\全友一体化20190418-0507已升级new1\Python\Log\all.log:4128] [INFO]- LUAPath=D:\HGSoftware\全友一体化20190418-0507已升级new1\Program\
2019-12-05 18:27:40,598 [D:\HGSoftware\全友一体化20190418-0507已升级new1\Python\Log\all.log:4130] [INFO]- luafile:D:\HGSoftware\全友一体化20190418-0507已升级new1\Program\竖脚线规则.lua
2019-12-05 18:27:40,992 [D:\HGSoftware\全友一体化20190418-0507已升级new1\Python\Log\all.log:4128] [INFO]- LUAPath=D:\HGSoftware\全友一体化20190418-0507已升级new1\Program\
2019-12-05 18:27:40,993 [D:\HGSoftware\全友一体化20190418-0507已升级new1\Python\Log\all.log:4130] [INFO]- luafile:D:\HGSoftware\全友一体化20190418-0507已升级new1\Program\抽盒内嵌-三节导轨.lua
2019-12-05 18:27:42,536 [D:\HGSoftware\全友一体化20190418-0507已升级new1\Python\Log\all.log:2636] [INFO]- len of list2=49
2019-12-05 18:27:42,552 [D:/HGSoftware/全友一体化20190418-0507已升级new1/Python/PythontoBomJson/xmltojson.py:376] [INFO]- len of bomlist=96
2019-12-05 18:27:42,552 [D:/HGSoftware/全友一体化20190418-0507已升级new1/Python/PythontoBomJson/xmltojson.py:377] [INFO]- len of mProductList=1
2019-12-05 18:27:42,552 [D:/HGSoftware/全友一体化20190418-0507已升级new1/Python/PythontoBomJson/xmltojson.py:378] [INFO]- len of Desdoorlist=0
2019-12-05 18:27:42,552 [D:/HGSoftware/全友一体化20190418-0507已升级new1/Python/PythontoBomJson/xmltojson.py:379] [INFO]- len of Desslidinglist=17
2019-12-05 18:27:42,552 [D:/HGSoftware/全友一体化20190418-0507已升级new1/Python/PythontoBomJson/xmltojson.py:380] [INFO]- len of mBDXMLList=0
2019-12-05 18:27:47,992 [D:/HGSoftware/全友一体化20190418-0507已升级new1/Python/PythontoBomJson/xmltojson.py:397] [INFO]- len of basewjlist1=46
2019-12-05 18:27:48,131 [D:/HGSoftware/全友一体化20190418-0507已升级new1/Python/PythontoBomJson/xmltojson.py:402] [INFO]- len of basewjlist2=329
