2019-11-21 14:43:24,476 [D:\HGSoftware\全友一体化20190418-0507已升级new1\Python\Log\all.log:2122] [INFO]- 琛:29
2019-11-21 14:43:24,615 [D:\HGSoftware\全友一体化20190418-0507已升级new1\Python\Log\all.log:2122] [INFO]- 琛:28
2019-11-21 14:43:24,624 [D:\HGSoftware\全友一体化20190418-0507已升级new1\Python\Log\all.log:2122] [INFO]- 琛:1
2019-11-21 14:43:24,641 [D:\HGSoftware\全友一体化20190418-0507已升级new1\Python\Log\all.log:2122] [INFO]- 琛:1
2019-11-21 14:43:24,657 [D:\HGSoftware\全友一体化20190418-0507已升级new1\Python\Log\all.log:2122] [INFO]- 琛:1
2019-11-21 14:43:24,733 [D:\HGSoftware\全友一体化20190418-0507已升级new1\Python\Log\all.log:2122] [INFO]- 琛:4
2019-11-21 14:43:24,742 [D:\HGSoftware\全友一体化20190418-0507已升级new1\Python\Log\all.log:2122] [INFO]- 琛:1
2019-11-21 14:43:24,743 [D:\HGSoftware\全友一体化20190418-0507已升级new1\Python\Log\all.log:4131] [INFO]- LUAPath=D:\HGSoftware\全友一体化20190418-0507已升级new1\Program\
2019-11-21 14:43:24,743 [D:\HGSoftware\全友一体化20190418-0507已升级new1\Python\Log\all.log:4133] [INFO]- luafile:D:\HGSoftware\全友一体化20190418-0507已升级new1\Program\抽盒内嵌-三节导轨.lua
2019-11-21 14:43:24,890 [D:\HGSoftware\全友一体化20190418-0507已升级new1\Python\Log\all.log:2122] [INFO]- 琛:1
2019-11-21 14:43:24,921 [D:\HGSoftware\全友一体化20190418-0507已升级new1\Python\Log\all.log:2122] [INFO]- 琛:2
2019-11-21 14:43:24,924 [D:\HGSoftware\全友一体化20190418-0507已升级new1\Python\Log\all.log:2122] [INFO]- 琛:1
2019-11-21 14:43:24,936 [D:\HGSoftware\全友一体化20190418-0507已升级new1\Python\Log\all.log:2122] [INFO]- 琛:1
2019-11-21 14:43:24,944 [D:\HGSoftware\全友一体化20190418-0507已升级new1\Python\Log\all.log:2122] [INFO]- 琛:1
2019-11-21 14:43:24,953 [D:\HGSoftware\全友一体化20190418-0507已升级new1\Python\Log\all.log:2122] [INFO]- 琛:1
2019-11-21 14:43:24,960 [D:\HGSoftware\全友一体化20190418-0507已升级new1\Python\Log\all.log:2122] [INFO]- 琛:1
2019-11-21 14:43:24,966 [D:\HGSoftware\全友一体化20190418-0507已升级new1\Python\Log\all.log:2122] [INFO]- 琛:1
2019-11-21 14:43:24,973 [D:\HGSoftware\全友一体化20190418-0507已升级new1\Python\Log\all.log:2122] [INFO]- 琛:1
2019-11-21 14:43:24,979 [D:\HGSoftware\全友一体化20190418-0507已升级new1\Python\Log\all.log:2122] [INFO]- 琛:1
2019-11-21 14:43:24,983 [D:\HGSoftware\全友一体化20190418-0507已升级new1\Python\Log\all.log:2122] [INFO]- 琛:1
2019-11-21 14:43:24,990 [D:\HGSoftware\全友一体化20190418-0507已升级new1\Python\Log\all.log:2122] [INFO]- 琛:1
2019-11-21 14:43:24,996 [D:\HGSoftware\全友一体化20190418-0507已升级new1\Python\Log\all.log:2122] [INFO]- 琛:1
2019-11-21 14:43:25,002 [D:\HGSoftware\全友一体化20190418-0507已升级new1\Python\Log\all.log:2122] [INFO]- 琛:1
2019-11-21 14:43:25,007 [D:\HGSoftware\全友一体化20190418-0507已升级new1\Python\Log\all.log:2122] [INFO]- 琛:1
2019-11-21 14:43:25,010 [D:\HGSoftware\全友一体化20190418-0507已升级new1\Python\Log\all.log:2122] [INFO]- 琛:1
2019-11-21 14:43:25,016 [D:\HGSoftware\全友一体化20190418-0507已升级new1\Python\Log\all.log:2122] [INFO]- 琛:1
2019-11-21 14:43:25,022 [D:\HGSoftware\全友一体化20190418-0507已升级new1\Python\Log\all.log:2122] [INFO]- 琛:1
2019-11-21 14:43:25,029 [D:\HGSoftware\全友一体化20190418-0507已升级new1\Python\Log\all.log:2122] [INFO]- 琛:1
2019-11-21 14:43:25,036 [D:\HGSoftware\全友一体化20190418-0507已升级new1\Python\Log\all.log:2122] [INFO]- 琛:1
2019-11-21 14:43:25,042 [D:\HGSoftware\全友一体化20190418-0507已升级new1\Python\Log\all.log:2122] [INFO]- 琛:1
2019-11-21 14:43:25,048 [D:\HGSoftware\全友一体化20190418-0507已升级new1\Python\Log\all.log:2122] [INFO]- 琛:1
2019-11-21 14:43:25,053 [D:\HGSoftware\全友一体化20190418-0507已升级new1\Python\Log\all.log:2122] [INFO]- 琛:1
2019-11-21 14:44:24,709 [D:\HGSoftware\全友一体化20190418-0507已升级new1\Python\Log\all.log:2122] [INFO]- 琛:29
2019-11-21 14:44:24,855 [D:\HGSoftware\全友一体化20190418-0507已升级new1\Python\Log\all.log:2122] [INFO]- 琛:28
2019-11-21 14:44:24,864 [D:\HGSoftware\全友一体化20190418-0507已升级new1\Python\Log\all.log:2122] [INFO]- 琛:1
2019-11-21 14:44:24,881 [D:\HGSoftware\全友一体化20190418-0507已升级new1\Python\Log\all.log:2122] [INFO]- 琛:1
2019-11-21 14:44:24,897 [D:\HGSoftware\全友一体化20190418-0507已升级new1\Python\Log\all.log:2122] [INFO]- 琛:1
2019-11-21 14:44:24,990 [D:\HGSoftware\全友一体化20190418-0507已升级new1\Python\Log\all.log:2122] [INFO]- 琛:4
2019-11-21 14:44:25,000 [D:\HGSoftware\全友一体化20190418-0507已升级new1\Python\Log\all.log:2122] [INFO]- 琛:1
2019-11-21 14:44:25,003 [D:\HGSoftware\全友一体化20190418-0507已升级new1\Python\Log\all.log:4131] [INFO]- LUAPath=D:\HGSoftware\全友一体化20190418-0507已升级new1\Program\
2019-11-21 14:44:25,003 [D:\HGSoftware\全友一体化20190418-0507已升级new1\Python\Log\all.log:4133] [INFO]- luafile:D:\HGSoftware\全友一体化20190418-0507已升级new1\Program\抽盒内嵌-三节导轨.lua
2019-11-21 14:44:25,168 [D:\HGSoftware\全友一体化20190418-0507已升级new1\Python\Log\all.log:2122] [INFO]- 琛:1
2019-11-21 14:44:25,203 [D:\HGSoftware\全友一体化20190418-0507已升级new1\Python\Log\all.log:2122] [INFO]- 琛:2
2019-11-21 14:44:25,210 [D:\HGSoftware\全友一体化20190418-0507已升级new1\Python\Log\all.log:2122] [INFO]- 琛:1
2019-11-21 14:44:25,223 [D:\HGSoftware\全友一体化20190418-0507已升级new1\Python\Log\all.log:2122] [INFO]- 琛:1
2019-11-21 14:44:25,232 [D:\HGSoftware\全友一体化20190418-0507已升级new1\Python\Log\all.log:2122] [INFO]- 琛:1
2019-11-21 14:44:25,240 [D:\HGSoftware\全友一体化20190418-0507已升级new1\Python\Log\all.log:2122] [INFO]- 琛:1
2019-11-21 14:44:25,249 [D:\HGSoftware\全友一体化20190418-0507已升级new1\Python\Log\all.log:2122] [INFO]- 琛:1
2019-11-21 14:44:25,256 [D:\HGSoftware\全友一体化20190418-0507已升级new1\Python\Log\all.log:2122] [INFO]- 琛:1
2019-11-21 14:44:25,260 [D:\HGSoftware\全友一体化20190418-0507已升级new1\Python\Log\all.log:2122] [INFO]- 琛:1
2019-11-21 14:44:25,267 [D:\HGSoftware\全友一体化20190418-0507已升级new1\Python\Log\all.log:2122] [INFO]- 琛:1
2019-11-21 14:44:25,273 [D:\HGSoftware\全友一体化20190418-0507已升级new1\Python\Log\all.log:2122] [INFO]- 琛:1
2019-11-21 14:44:25,279 [D:\HGSoftware\全友一体化20190418-0507已升级new1\Python\Log\all.log:2122] [INFO]- 琛:1
2019-11-21 14:44:25,286 [D:\HGSoftware\全友一体化20190418-0507已升级new1\Python\Log\all.log:2122] [INFO]- 琛:1
2019-11-21 14:44:25,292 [D:\HGSoftware\全友一体化20190418-0507已升级new1\Python\Log\all.log:2122] [INFO]- 琛:1
2019-11-21 14:44:25,298 [D:\HGSoftware\全友一体化20190418-0507已升级new1\Python\Log\all.log:2122] [INFO]- 琛:1
2019-11-21 14:44:25,302 [D:\HGSoftware\全友一体化20190418-0507已升级new1\Python\Log\all.log:2122] [INFO]- 琛:1
2019-11-21 14:44:25,309 [D:\HGSoftware\全友一体化20190418-0507已升级new1\Python\Log\all.log:2122] [INFO]- 琛:1
2019-11-21 14:44:25,315 [D:\HGSoftware\全友一体化20190418-0507已升级new1\Python\Log\all.log:2122] [INFO]- 琛:1
2019-11-21 14:44:25,322 [D:\HGSoftware\全友一体化20190418-0507已升级new1\Python\Log\all.log:2122] [INFO]- 琛:1
2019-11-21 14:44:25,329 [D:\HGSoftware\全友一体化20190418-0507已升级new1\Python\Log\all.log:2122] [INFO]- 琛:1
2019-11-21 14:44:25,336 [D:\HGSoftware\全友一体化20190418-0507已升级new1\Python\Log\all.log:2122] [INFO]- 琛:1
2019-11-21 14:44:25,344 [D:\HGSoftware\全友一体化20190418-0507已升级new1\Python\Log\all.log:2122] [INFO]- 琛:1
2019-11-21 14:44:25,351 [D:\HGSoftware\全友一体化20190418-0507已升级new1\Python\Log\all.log:2122] [INFO]- 琛:1
2019-11-21 14:44:51,535 [D:\HGSoftware\全友一体化20190418-0507已升级new1\Python\Log\all.log:2122] [INFO]- 琛:29
2019-11-21 14:44:51,671 [D:\HGSoftware\全友一体化20190418-0507已升级new1\Python\Log\all.log:2122] [INFO]- 琛:28
2019-11-21 14:44:51,677 [D:\HGSoftware\全友一体化20190418-0507已升级new1\Python\Log\all.log:2122] [INFO]- 琛:1
2019-11-21 14:44:51,696 [D:\HGSoftware\全友一体化20190418-0507已升级new1\Python\Log\all.log:2122] [INFO]- 琛:1
2019-11-21 14:44:51,710 [D:\HGSoftware\全友一体化20190418-0507已升级new1\Python\Log\all.log:2122] [INFO]- 琛:1
2019-11-21 14:44:51,793 [D:\HGSoftware\全友一体化20190418-0507已升级new1\Python\Log\all.log:2122] [INFO]- 琛:4
2019-11-21 14:44:51,802 [D:\HGSoftware\全友一体化20190418-0507已升级new1\Python\Log\all.log:2122] [INFO]- 琛:1
2019-11-21 14:44:51,803 [D:\HGSoftware\全友一体化20190418-0507已升级new1\Python\Log\all.log:4131] [INFO]- LUAPath=D:\HGSoftware\全友一体化20190418-0507已升级new1\Program\
2019-11-21 14:44:51,803 [D:\HGSoftware\全友一体化20190418-0507已升级new1\Python\Log\all.log:4133] [INFO]- luafile:D:\HGSoftware\全友一体化20190418-0507已升级new1\Program\抽盒内嵌-三节导轨.lua
2019-11-21 14:44:51,963 [D:\HGSoftware\全友一体化20190418-0507已升级new1\Python\Log\all.log:2122] [INFO]- 琛:1
2019-11-21 14:44:51,997 [D:\HGSoftware\全友一体化20190418-0507已升级new1\Python\Log\all.log:2122] [INFO]- 琛:2
2019-11-21 14:44:52,003 [D:\HGSoftware\全友一体化20190418-0507已升级new1\Python\Log\all.log:2122] [INFO]- 琛:1
2019-11-21 14:44:52,016 [D:\HGSoftware\全友一体化20190418-0507已升级new1\Python\Log\all.log:2122] [INFO]- 琛:1
2019-11-21 14:44:52,023 [D:\HGSoftware\全友一体化20190418-0507已升级new1\Python\Log\all.log:2122] [INFO]- 琛:1
2019-11-21 14:44:52,032 [D:\HGSoftware\全友一体化20190418-0507已升级new1\Python\Log\all.log:2122] [INFO]- 琛:1
2019-11-21 14:44:52,040 [D:\HGSoftware\全友一体化20190418-0507已升级new1\Python\Log\all.log:2122] [INFO]- 琛:1
2019-11-21 14:44:52,048 [D:\HGSoftware\全友一体化20190418-0507已升级new1\Python\Log\all.log:2122] [INFO]- 琛:1
2019-11-21 14:44:52,055 [D:\HGSoftware\全友一体化20190418-0507已升级new1\Python\Log\all.log:2122] [INFO]- 琛:1
2019-11-21 14:44:52,062 [D:\HGSoftware\全友一体化20190418-0507已升级new1\Python\Log\all.log:2122] [INFO]- 琛:1
2019-11-21 14:44:52,068 [D:\HGSoftware\全友一体化20190418-0507已升级new1\Python\Log\all.log:2122] [INFO]- 琛:1
2019-11-21 14:44:52,075 [D:\HGSoftware\全友一体化20190418-0507已升级new1\Python\Log\all.log:2122] [INFO]- 琛:1
2019-11-21 14:44:52,081 [D:\HGSoftware\全友一体化20190418-0507已升级new1\Python\Log\all.log:2122] [INFO]- 琛:1
2019-11-21 14:44:52,086 [D:\HGSoftware\全友一体化20190418-0507已升级new1\Python\Log\all.log:2122] [INFO]- 琛:1
2019-11-21 14:44:52,092 [D:\HGSoftware\全友一体化20190418-0507已升级new1\Python\Log\all.log:2122] [INFO]- 琛:1
2019-11-21 14:44:52,096 [D:\HGSoftware\全友一体化20190418-0507已升级new1\Python\Log\all.log:2122] [INFO]- 琛:1
2019-11-21 14:44:52,102 [D:\HGSoftware\全友一体化20190418-0507已升级new1\Python\Log\all.log:2122] [INFO]- 琛:1
2019-11-21 14:44:52,108 [D:\HGSoftware\全友一体化20190418-0507已升级new1\Python\Log\all.log:2122] [INFO]- 琛:1
2019-11-21 14:44:52,117 [D:\HGSoftware\全友一体化20190418-0507已升级new1\Python\Log\all.log:2122] [INFO]- 琛:1
2019-11-21 14:44:52,122 [D:\HGSoftware\全友一体化20190418-0507已升级new1\Python\Log\all.log:2122] [INFO]- 琛:1
2019-11-21 14:44:52,131 [D:\HGSoftware\全友一体化20190418-0507已升级new1\Python\Log\all.log:2122] [INFO]- 琛:1
2019-11-21 14:44:52,138 [D:\HGSoftware\全友一体化20190418-0507已升级new1\Python\Log\all.log:2122] [INFO]- 琛:1
2019-11-21 14:44:52,144 [D:\HGSoftware\全友一体化20190418-0507已升级new1\Python\Log\all.log:2122] [INFO]- 琛:1
2019-11-21 14:44:52,148 [D:/HGSoftware/全友一体化20190418-0507已升级new1/Python/PythontoBomJson/xmltojson.py:375] [INFO]- len of bomlist=80
2019-11-21 14:44:52,148 [D:/HGSoftware/全友一体化20190418-0507已升级new1/Python/PythontoBomJson/xmltojson.py:376] [INFO]- len of mProductList=1
2019-11-21 14:44:52,148 [D:/HGSoftware/全友一体化20190418-0507已升级new1/Python/PythontoBomJson/xmltojson.py:377] [INFO]- len of Desdoorlist=0
2019-11-21 14:44:52,148 [D:/HGSoftware/全友一体化20190418-0507已升级new1/Python/PythontoBomJson/xmltojson.py:378] [INFO]- len of Desslidinglist=0
2019-11-21 14:44:52,148 [D:/HGSoftware/全友一体化20190418-0507已升级new1/Python/PythontoBomJson/xmltojson.py:379] [INFO]- len of mBDXMLList=1
2019-11-21 14:44:54,617 [D:/HGSoftware/全友一体化20190418-0507已升级new1/Python/PythontoBomJson/xmltojson.py:396] [INFO]- len of basewjlist1=3
2019-11-21 14:44:55,200 [D:/HGSoftware/全友一体化20190418-0507已升级new1/Python/PythontoBomJson/xmltojson.py:401] [INFO]- len of basewjlist2=60
2019-11-21 14:45:28,644 [D:\HGSoftware\全友一体化20190418-0507已升级new1\Python\Log\all.log:2122] [INFO]- 琛:29
2019-11-21 14:45:28,792 [D:\HGSoftware\全友一体化20190418-0507已升级new1\Python\Log\all.log:2122] [INFO]- 琛:28
2019-11-21 14:45:28,799 [D:\HGSoftware\全友一体化20190418-0507已升级new1\Python\Log\all.log:2122] [INFO]- 琛:1
2019-11-21 14:45:28,816 [D:\HGSoftware\全友一体化20190418-0507已升级new1\Python\Log\all.log:2122] [INFO]- 琛:1
2019-11-21 14:45:28,832 [D:\HGSoftware\全友一体化20190418-0507已升级new1\Python\Log\all.log:2122] [INFO]- 琛:1
2019-11-21 14:45:28,914 [D:\HGSoftware\全友一体化20190418-0507已升级new1\Python\Log\all.log:2122] [INFO]- 琛:4
2019-11-21 14:45:28,923 [D:\HGSoftware\全友一体化20190418-0507已升级new1\Python\Log\all.log:2122] [INFO]- 琛:1
2019-11-21 14:45:28,924 [D:\HGSoftware\全友一体化20190418-0507已升级new1\Python\Log\all.log:4131] [INFO]- LUAPath=D:\HGSoftware\全友一体化20190418-0507已升级new1\Program\
2019-11-21 14:45:28,924 [D:\HGSoftware\全友一体化20190418-0507已升级new1\Python\Log\all.log:4133] [INFO]- luafile:D:\HGSoftware\全友一体化20190418-0507已升级new1\Program\抽盒内嵌-三节导轨.lua
2019-11-21 14:45:29,085 [D:\HGSoftware\全友一体化20190418-0507已升级new1\Python\Log\all.log:2122] [INFO]- 琛:1
2019-11-21 14:45:29,119 [D:\HGSoftware\全友一体化20190418-0507已升级new1\Python\Log\all.log:2122] [INFO]- 琛:2
2019-11-21 14:45:29,125 [D:\HGSoftware\全友一体化20190418-0507已升级new1\Python\Log\all.log:2122] [INFO]- 琛:1
2019-11-21 14:45:29,137 [D:\HGSoftware\全友一体化20190418-0507已升级new1\Python\Log\all.log:2122] [INFO]- 琛:1
2019-11-21 14:45:29,144 [D:\HGSoftware\全友一体化20190418-0507已升级new1\Python\Log\all.log:2122] [INFO]- 琛:1
2019-11-21 14:45:29,151 [D:\HGSoftware\全友一体化20190418-0507已升级new1\Python\Log\all.log:2122] [INFO]- 琛:1
2019-11-21 14:45:29,160 [D:\HGSoftware\全友一体化20190418-0507已升级new1\Python\Log\all.log:2122] [INFO]- 琛:1
2019-11-21 14:45:29,164 [D:\HGSoftware\全友一体化20190418-0507已升级new1\Python\Log\all.log:2122] [INFO]- 琛:1
2019-11-21 14:45:29,167 [D:\HGSoftware\全友一体化20190418-0507已升级new1\Python\Log\all.log:2122] [INFO]- 琛:1
2019-11-21 14:45:29,174 [D:\HGSoftware\全友一体化20190418-0507已升级new1\Python\Log\all.log:2122] [INFO]- 琛:1
2019-11-21 14:45:29,180 [D:\HGSoftware\全友一体化20190418-0507已升级new1\Python\Log\all.log:2122] [INFO]- 琛:1
2019-11-21 14:45:29,187 [D:\HGSoftware\全友一体化20190418-0507已升级new1\Python\Log\all.log:2122] [INFO]- 琛:1
2019-11-21 14:45:29,193 [D:\HGSoftware\全友一体化20190418-0507已升级new1\Python\Log\all.log:2122] [INFO]- 琛:1
2019-11-21 14:45:29,198 [D:\HGSoftware\全友一体化20190418-0507已升级new1\Python\Log\all.log:2122] [INFO]- 琛:1
2019-11-21 14:45:29,204 [D:\HGSoftware\全友一体化20190418-0507已升级new1\Python\Log\all.log:2122] [INFO]- 琛:1
2019-11-21 14:45:29,210 [D:\HGSoftware\全友一体化20190418-0507已升级new1\Python\Log\all.log:2122] [INFO]- 琛:1
2019-11-21 14:45:29,217 [D:\HGSoftware\全友一体化20190418-0507已升级new1\Python\Log\all.log:2122] [INFO]- 琛:1
2019-11-21 14:45:29,223 [D:\HGSoftware\全友一体化20190418-0507已升级new1\Python\Log\all.log:2122] [INFO]- 琛:1
2019-11-21 14:45:29,230 [D:\HGSoftware\全友一体化20190418-0507已升级new1\Python\Log\all.log:2122] [INFO]- 琛:1
2019-11-21 14:45:29,237 [D:\HGSoftware\全友一体化20190418-0507已升级new1\Python\Log\all.log:2122] [INFO]- 琛:1
2019-11-21 14:45:29,244 [D:\HGSoftware\全友一体化20190418-0507已升级new1\Python\Log\all.log:2122] [INFO]- 琛:1
2019-11-21 14:45:29,250 [D:\HGSoftware\全友一体化20190418-0507已升级new1\Python\Log\all.log:2122] [INFO]- 琛:1
2019-11-21 14:45:29,257 [D:\HGSoftware\全友一体化20190418-0507已升级new1\Python\Log\all.log:2122] [INFO]- 琛:1
2019-11-21 14:45:29,259 [D:/HGSoftware/全友一体化20190418-0507已升级new1/Python/PythontoBomJson/xmltojson.py:375] [INFO]- len of bomlist=80
2019-11-21 14:45:29,259 [D:/HGSoftware/全友一体化20190418-0507已升级new1/Python/PythontoBomJson/xmltojson.py:376] [INFO]- len of mProductList=1
2019-11-21 14:45:29,259 [D:/HGSoftware/全友一体化20190418-0507已升级new1/Python/PythontoBomJson/xmltojson.py:377] [INFO]- len of Desdoorlist=0
2019-11-21 14:45:29,259 [D:/HGSoftware/全友一体化20190418-0507已升级new1/Python/PythontoBomJson/xmltojson.py:378] [INFO]- len of Desslidinglist=0
2019-11-21 14:45:29,260 [D:/HGSoftware/全友一体化20190418-0507已升级new1/Python/PythontoBomJson/xmltojson.py:379] [INFO]- len of mBDXMLList=1
2019-11-21 14:45:31,773 [D:/HGSoftware/全友一体化20190418-0507已升级new1/Python/PythontoBomJson/xmltojson.py:396] [INFO]- len of basewjlist1=3
2019-11-21 14:45:32,009 [D:/HGSoftware/全友一体化20190418-0507已升级new1/Python/PythontoBomJson/xmltojson.py:401] [INFO]- len of basewjlist2=60
