2019-11-05 10:58:59,430 [D:\HGSoftware\全友一体化20190418-0507已升级new1\Python\Log\all.log:3755] [INFO]- LUAPath=D:\HGSoftware\全友一体化20190418-0507已升级new1\Program\
2019-11-05 10:58:59,430 [D:\HGSoftware\全友一体化20190418-0507已升级new1\Python\Log\all.log:3757] [INFO]- luafile:D:\HGSoftware\全友一体化20190418-0507已升级new1\Program\竖脚线规则.lua
2019-11-05 10:59:00,477 [D:\HGSoftware\全友一体化20190418-0507已升级new1\Python\Log\all.log:3755] [INFO]- LUAPath=D:\HGSoftware\全友一体化20190418-0507已升级new1\Program\
2019-11-05 10:59:00,477 [D:\HGSoftware\全友一体化20190418-0507已升级new1\Python\Log\all.log:3757] [INFO]- luafile:D:\HGSoftware\全友一体化20190418-0507已升级new1\Program\抽盒内嵌-三节导轨.lua
2019-11-05 10:59:00,759 [D:\HGSoftware\全友一体化20190418-0507已升级new1\Python\Log\all.log:3755] [INFO]- LUAPath=D:\HGSoftware\全友一体化20190418-0507已升级new1\Program\
2019-11-05 10:59:00,759 [D:\HGSoftware\全友一体化20190418-0507已升级new1\Python\Log\all.log:3757] [INFO]- luafile:D:\HGSoftware\全友一体化20190418-0507已升级new1\Program\竖脚线规则.lua
2019-11-05 10:59:00,947 [D:\HGSoftware\全友一体化20190418-0507已升级new1\Python\Log\all.log:3755] [INFO]- LUAPath=D:\HGSoftware\全友一体化20190418-0507已升级new1\Program\
2019-11-05 10:59:00,947 [D:\HGSoftware\全友一体化20190418-0507已升级new1\Python\Log\all.log:3757] [INFO]- luafile:D:\HGSoftware\全友一体化20190418-0507已升级new1\Program\竖脚线规则.lua
2019-11-05 10:59:01,385 [D:\HGSoftware\全友一体化20190418-0507已升级new1\Python\Log\all.log:2038] [INFO]- 掩门,掩门
2019-11-05 10:59:02,306 [D:\HGSoftware\全友一体化20190418-0507已升级new1\Python\Log\all.log:2038] [INFO]- 掩门,掩门
2019-11-05 10:59:02,776 [D:\HGSoftware\全友一体化20190418-0507已升级new1\Python\Log\all.log:2038] [INFO]- 掩门,掩门
2019-11-05 10:59:03,213 [D:\HGSoftware\全友一体化20190418-0507已升级new1\Python\Log\all.log:2038] [INFO]- 掩门,掩门
2019-11-05 10:59:03,618 [D:\HGSoftware\全友一体化20190418-0507已升级new1\Python\Log\all.log:2038] [INFO]- 掩门,掩门
2019-11-05 10:59:04,056 [D:\HGSoftware\全友一体化20190418-0507已升级new1\Python\Log\all.log:2038] [INFO]- 掩门,掩门
2019-11-05 10:59:04,509 [D:\HGSoftware\全友一体化20190418-0507已升级new1\Python\Log\all.log:2038] [INFO]- 掩门,掩门
2019-11-05 11:01:10,776 [D:\HGSoftware\全友一体化20190418-0507已升级new1\Python\Log\all.log:3751] [INFO]- LUAPath=D:\HGSoftware\全友一体化20190418-0507已升级new1\Program\
2019-11-05 11:01:10,776 [D:\HGSoftware\全友一体化20190418-0507已升级new1\Python\Log\all.log:3753] [INFO]- luafile:D:\HGSoftware\全友一体化20190418-0507已升级new1\Program\竖脚线规则.lua
2019-11-05 11:01:11,151 [D:\HGSoftware\全友一体化20190418-0507已升级new1\Python\Log\all.log:3751] [INFO]- LUAPath=D:\HGSoftware\全友一体化20190418-0507已升级new1\Program\
2019-11-05 11:01:11,151 [D:\HGSoftware\全友一体化20190418-0507已升级new1\Python\Log\all.log:3753] [INFO]- luafile:D:\HGSoftware\全友一体化20190418-0507已升级new1\Program\抽盒内嵌-三节导轨.lua
2019-11-05 11:01:11,417 [D:\HGSoftware\全友一体化20190418-0507已升级new1\Python\Log\all.log:3751] [INFO]- LUAPath=D:\HGSoftware\全友一体化20190418-0507已升级new1\Program\
2019-11-05 11:01:11,417 [D:\HGSoftware\全友一体化20190418-0507已升级new1\Python\Log\all.log:3753] [INFO]- luafile:D:\HGSoftware\全友一体化20190418-0507已升级new1\Program\竖脚线规则.lua
2019-11-05 11:01:11,621 [D:\HGSoftware\全友一体化20190418-0507已升级new1\Python\Log\all.log:3751] [INFO]- LUAPath=D:\HGSoftware\全友一体化20190418-0507已升级new1\Program\
2019-11-05 11:01:11,621 [D:\HGSoftware\全友一体化20190418-0507已升级new1\Python\Log\all.log:3753] [INFO]- luafile:D:\HGSoftware\全友一体化20190418-0507已升级new1\Program\竖脚线规则.lua
2019-11-05 11:01:12,028 [D:\HGSoftware\全友一体化20190418-0507已升级new1\Python\Log\all.log:2038] [INFO]- 掩门,掩门
2019-11-05 11:01:12,621 [D:\HGSoftware\全友一体化20190418-0507已升级new1\Python\Log\all.log:2038] [INFO]- 掩门,掩门
2019-11-05 11:01:13,121 [D:\HGSoftware\全友一体化20190418-0507已升级new1\Python\Log\all.log:2038] [INFO]- 掩门,掩门
2019-11-05 11:01:13,647 [D:\HGSoftware\全友一体化20190418-0507已升级new1\Python\Log\all.log:2038] [INFO]- 掩门,掩门
2019-11-05 11:01:14,177 [D:\HGSoftware\全友一体化20190418-0507已升级new1\Python\Log\all.log:2038] [INFO]- 掩门,掩门
2019-11-05 11:01:14,740 [D:\HGSoftware\全友一体化20190418-0507已升级new1\Python\Log\all.log:2038] [INFO]- 掩门,掩门
2019-11-05 11:01:15,302 [D:\HGSoftware\全友一体化20190418-0507已升级new1\Python\Log\all.log:2038] [INFO]- 掩门,掩门
2019-11-05 11:03:10,634 [D:\HGSoftware\全友一体化20190418-0507已升级new1\Python\Log\all.log:3751] [INFO]- LUAPath=D:\HGSoftware\全友一体化20190418-0507已升级new1\Program\
2019-11-05 11:03:10,634 [D:\HGSoftware\全友一体化20190418-0507已升级new1\Python\Log\all.log:3753] [INFO]- luafile:D:\HGSoftware\全友一体化20190418-0507已升级new1\Program\竖脚线规则.lua
2019-11-05 11:03:10,994 [D:\HGSoftware\全友一体化20190418-0507已升级new1\Python\Log\all.log:3751] [INFO]- LUAPath=D:\HGSoftware\全友一体化20190418-0507已升级new1\Program\
2019-11-05 11:03:10,994 [D:\HGSoftware\全友一体化20190418-0507已升级new1\Python\Log\all.log:3753] [INFO]- luafile:D:\HGSoftware\全友一体化20190418-0507已升级new1\Program\抽盒内嵌-三节导轨.lua
2019-11-05 11:03:11,259 [D:\HGSoftware\全友一体化20190418-0507已升级new1\Python\Log\all.log:3751] [INFO]- LUAPath=D:\HGSoftware\全友一体化20190418-0507已升级new1\Program\
2019-11-05 11:03:11,259 [D:\HGSoftware\全友一体化20190418-0507已升级new1\Python\Log\all.log:3753] [INFO]- luafile:D:\HGSoftware\全友一体化20190418-0507已升级new1\Program\竖脚线规则.lua
2019-11-05 11:03:11,464 [D:\HGSoftware\全友一体化20190418-0507已升级new1\Python\Log\all.log:3751] [INFO]- LUAPath=D:\HGSoftware\全友一体化20190418-0507已升级new1\Program\
2019-11-05 11:03:11,464 [D:\HGSoftware\全友一体化20190418-0507已升级new1\Python\Log\all.log:3753] [INFO]- luafile:D:\HGSoftware\全友一体化20190418-0507已升级new1\Program\竖脚线规则.lua
2019-11-05 11:03:11,933 [D:\HGSoftware\全友一体化20190418-0507已升级new1\Python\Log\all.log:2038] [INFO]- 掩门,掩门
2019-11-05 11:03:12,621 [D:\HGSoftware\全友一体化20190418-0507已升级new1\Python\Log\all.log:2038] [INFO]- 掩门,掩门
2019-11-05 11:03:13,260 [D:\HGSoftware\全友一体化20190418-0507已升级new1\Python\Log\all.log:2038] [INFO]- 掩门,掩门
2019-11-05 11:03:13,855 [D:\HGSoftware\全友一体化20190418-0507已升级new1\Python\Log\all.log:2038] [INFO]- 掩门,掩门
2019-11-05 11:03:14,480 [D:\HGSoftware\全友一体化20190418-0507已升级new1\Python\Log\all.log:2038] [INFO]- 掩门,掩门
2019-11-05 11:03:15,167 [D:\HGSoftware\全友一体化20190418-0507已升级new1\Python\Log\all.log:2038] [INFO]- 掩门,掩门
2019-11-05 11:03:15,822 [D:\HGSoftware\全友一体化20190418-0507已升级new1\Python\Log\all.log:2038] [INFO]- 掩门,掩门
2019-11-05 11:03:47,073 [D:\HGSoftware\全友一体化20190418-0507已升级new1\Python\Log\all.log:3751] [INFO]- LUAPath=D:\HGSoftware\全友一体化20190418-0507已升级new1\Program\
2019-11-05 11:03:47,073 [D:\HGSoftware\全友一体化20190418-0507已升级new1\Python\Log\all.log:3753] [INFO]- luafile:D:\HGSoftware\全友一体化20190418-0507已升级new1\Program\竖脚线规则.lua
2019-11-05 11:03:47,355 [D:\HGSoftware\全友一体化20190418-0507已升级new1\Python\Log\all.log:3751] [INFO]- LUAPath=D:\HGSoftware\全友一体化20190418-0507已升级new1\Program\
2019-11-05 11:03:47,355 [D:\HGSoftware\全友一体化20190418-0507已升级new1\Python\Log\all.log:3753] [INFO]- luafile:D:\HGSoftware\全友一体化20190418-0507已升级new1\Program\抽盒内嵌-三节导轨.lua
2019-11-05 11:03:47,588 [D:\HGSoftware\全友一体化20190418-0507已升级new1\Python\Log\all.log:3751] [INFO]- LUAPath=D:\HGSoftware\全友一体化20190418-0507已升级new1\Program\
2019-11-05 11:03:47,588 [D:\HGSoftware\全友一体化20190418-0507已升级new1\Python\Log\all.log:3753] [INFO]- luafile:D:\HGSoftware\全友一体化20190418-0507已升级new1\Program\竖脚线规则.lua
2019-11-05 11:03:47,760 [D:\HGSoftware\全友一体化20190418-0507已升级new1\Python\Log\all.log:3751] [INFO]- LUAPath=D:\HGSoftware\全友一体化20190418-0507已升级new1\Program\
2019-11-05 11:03:47,760 [D:\HGSoftware\全友一体化20190418-0507已升级new1\Python\Log\all.log:3753] [INFO]- luafile:D:\HGSoftware\全友一体化20190418-0507已升级new1\Program\竖脚线规则.lua
2019-11-05 11:03:48,135 [D:\HGSoftware\全友一体化20190418-0507已升级new1\Python\Log\all.log:2038] [INFO]- 掩门,掩门
2019-11-05 11:03:48,730 [D:\HGSoftware\全友一体化20190418-0507已升级new1\Python\Log\all.log:2038] [INFO]- 掩门,掩门
2019-11-05 11:03:49,276 [D:\HGSoftware\全友一体化20190418-0507已升级new1\Python\Log\all.log:2038] [INFO]- 掩门,掩门
2019-11-05 11:03:49,760 [D:\HGSoftware\全友一体化20190418-0507已升级new1\Python\Log\all.log:2038] [INFO]- 掩门,掩门
2019-11-05 11:03:50,292 [D:\HGSoftware\全友一体化20190418-0507已升级new1\Python\Log\all.log:2038] [INFO]- 掩门,掩门
2019-11-05 11:03:50,838 [D:\HGSoftware\全友一体化20190418-0507已升级new1\Python\Log\all.log:2038] [INFO]- 掩门,掩门
2019-11-05 11:03:51,401 [D:\HGSoftware\全友一体化20190418-0507已升级new1\Python\Log\all.log:2038] [INFO]- 掩门,掩门
2019-11-05 11:04:15,368 [D:\HGSoftware\全友一体化20190418-0507已升级new1\Python\Log\all.log:3751] [INFO]- LUAPath=D:\HGSoftware\全友一体化20190418-0507已升级new1\Program\
2019-11-05 11:04:15,368 [D:\HGSoftware\全友一体化20190418-0507已升级new1\Python\Log\all.log:3753] [INFO]- luafile:D:\HGSoftware\全友一体化20190418-0507已升级new1\Program\竖脚线规则.lua
2019-11-05 11:04:15,697 [D:\HGSoftware\全友一体化20190418-0507已升级new1\Python\Log\all.log:3751] [INFO]- LUAPath=D:\HGSoftware\全友一体化20190418-0507已升级new1\Program\
2019-11-05 11:04:15,697 [D:\HGSoftware\全友一体化20190418-0507已升级new1\Python\Log\all.log:3753] [INFO]- luafile:D:\HGSoftware\全友一体化20190418-0507已升级new1\Program\抽盒内嵌-三节导轨.lua
2019-11-05 11:04:15,961 [D:\HGSoftware\全友一体化20190418-0507已升级new1\Python\Log\all.log:3751] [INFO]- LUAPath=D:\HGSoftware\全友一体化20190418-0507已升级new1\Program\
2019-11-05 11:04:15,961 [D:\HGSoftware\全友一体化20190418-0507已升级new1\Python\Log\all.log:3753] [INFO]- luafile:D:\HGSoftware\全友一体化20190418-0507已升级new1\Program\竖脚线规则.lua
2019-11-05 11:04:16,164 [D:\HGSoftware\全友一体化20190418-0507已升级new1\Python\Log\all.log:3751] [INFO]- LUAPath=D:\HGSoftware\全友一体化20190418-0507已升级new1\Program\
2019-11-05 11:04:16,164 [D:\HGSoftware\全友一体化20190418-0507已升级new1\Python\Log\all.log:3753] [INFO]- luafile:D:\HGSoftware\全友一体化20190418-0507已升级new1\Program\竖脚线规则.lua
2019-11-05 11:04:16,635 [D:\HGSoftware\全友一体化20190418-0507已升级new1\Python\Log\all.log:2038] [INFO]- 掩门,掩门
2019-11-05 11:04:17,244 [D:\HGSoftware\全友一体化20190418-0507已升级new1\Python\Log\all.log:2038] [INFO]- 掩门,掩门
2019-11-05 11:04:17,776 [D:\HGSoftware\全友一体化20190418-0507已升级new1\Python\Log\all.log:2038] [INFO]- 掩门,掩门
2019-11-05 11:04:18,244 [D:\HGSoftware\全友一体化20190418-0507已升级new1\Python\Log\all.log:2038] [INFO]- 掩门,掩门
2019-11-05 11:04:18,776 [D:\HGSoftware\全友一体化20190418-0507已升级new1\Python\Log\all.log:2038] [INFO]- 掩门,掩门
2019-11-05 11:04:19,292 [D:\HGSoftware\全友一体化20190418-0507已升级new1\Python\Log\all.log:2038] [INFO]- 掩门,掩门
2019-11-05 11:04:19,869 [D:\HGSoftware\全友一体化20190418-0507已升级new1\Python\Log\all.log:2038] [INFO]- 掩门,掩门
2019-11-05 11:04:26,637 [D:/HGSoftware/全友一体化20190418-0507已升级new1/Python/PythontoBomJson/xmltojson.py:274] [INFO]- len of bomlist=132
2019-11-05 11:04:26,637 [D:/HGSoftware/全友一体化20190418-0507已升级new1/Python/PythontoBomJson/xmltojson.py:275] [INFO]- len of bomQuolist=128
2019-11-05 11:04:26,637 [D:/HGSoftware/全友一体化20190418-0507已升级new1/Python/PythontoBomJson/xmltojson.py:276] [INFO]- len of mProductList=1
2019-11-05 11:04:26,637 [D:/HGSoftware/全友一体化20190418-0507已升级new1/Python/PythontoBomJson/xmltojson.py:277] [INFO]- len of Desdoorlist=7
2019-11-05 11:04:26,637 [D:/HGSoftware/全友一体化20190418-0507已升级new1/Python/PythontoBomJson/xmltojson.py:278] [INFO]- len of Desslidinglist=0
2019-11-05 11:04:26,637 [D:/HGSoftware/全友一体化20190418-0507已升级new1/Python/PythontoBomJson/xmltojson.py:279] [INFO]- len of mBDXMLList=12
2019-11-05 11:04:34,572 [D:/HGSoftware/全友一体化20190418-0507已升级new1/Python/PythontoBomJson/xmltojson.py:296] [INFO]- len of basewjlist1=60
2019-11-05 11:04:34,808 [D:/HGSoftware/全友一体化20190418-0507已升级new1/Python/PythontoBomJson/xmltojson.py:301] [INFO]- len of basewjlist2=569
2019-11-05 11:06:58,746 [D:\HGSoftware\全友一体化20190418-0507已升级new1\Python\Log\all.log:3751] [INFO]- LUAPath=D:\HGSoftware\全友一体化20190418-0507已升级new1\Program\
2019-11-05 11:06:58,746 [D:\HGSoftware\全友一体化20190418-0507已升级new1\Python\Log\all.log:3753] [INFO]- luafile:D:\HGSoftware\全友一体化20190418-0507已升级new1\Program\竖脚线规则.lua
2019-11-05 11:06:59,088 [D:\HGSoftware\全友一体化20190418-0507已升级new1\Python\Log\all.log:3751] [INFO]- LUAPath=D:\HGSoftware\全友一体化20190418-0507已升级new1\Program\
2019-11-05 11:06:59,088 [D:\HGSoftware\全友一体化20190418-0507已升级new1\Python\Log\all.log:3753] [INFO]- luafile:D:\HGSoftware\全友一体化20190418-0507已升级new1\Program\抽盒内嵌-三节导轨.lua
2019-11-05 11:06:59,385 [D:\HGSoftware\全友一体化20190418-0507已升级new1\Python\Log\all.log:3751] [INFO]- LUAPath=D:\HGSoftware\全友一体化20190418-0507已升级new1\Program\
2019-11-05 11:06:59,385 [D:\HGSoftware\全友一体化20190418-0507已升级new1\Python\Log\all.log:3753] [INFO]- luafile:D:\HGSoftware\全友一体化20190418-0507已升级new1\Program\竖脚线规则.lua
2019-11-05 11:06:59,588 [D:\HGSoftware\全友一体化20190418-0507已升级new1\Python\Log\all.log:3751] [INFO]- LUAPath=D:\HGSoftware\全友一体化20190418-0507已升级new1\Program\
2019-11-05 11:06:59,588 [D:\HGSoftware\全友一体化20190418-0507已升级new1\Python\Log\all.log:3753] [INFO]- luafile:D:\HGSoftware\全友一体化20190418-0507已升级new1\Program\竖脚线规则.lua
2019-11-05 11:07:00,088 [D:\HGSoftware\全友一体化20190418-0507已升级new1\Python\Log\all.log:2038] [INFO]- 掩门,掩门
2019-11-05 11:07:00,901 [D:\HGSoftware\全友一体化20190418-0507已升级new1\Python\Log\all.log:2038] [INFO]- 掩门,掩门
2019-11-05 11:07:01,634 [D:\HGSoftware\全友一体化20190418-0507已升级new1\Python\Log\all.log:2038] [INFO]- 掩门,掩门
2019-11-05 11:07:02,369 [D:\HGSoftware\全友一体化20190418-0507已升级new1\Python\Log\all.log:2038] [INFO]- 掩门,掩门
2019-11-05 11:07:03,056 [D:\HGSoftware\全友一体化20190418-0507已升级new1\Python\Log\all.log:2038] [INFO]- 掩门,掩门
2019-11-05 11:07:03,790 [D:\HGSoftware\全友一体化20190418-0507已升级new1\Python\Log\all.log:2038] [INFO]- 掩门,掩门
2019-11-05 11:07:04,509 [D:\HGSoftware\全友一体化20190418-0507已升级new1\Python\Log\all.log:2038] [INFO]- 掩门,掩门
2019-11-05 11:07:05,197 [D:/HGSoftware/全友一体化20190418-0507已升级new1/Python/PythontoBomJson/xmltojson.py:274] [INFO]- len of bomlist=132
2019-11-05 11:07:05,197 [D:/HGSoftware/全友一体化20190418-0507已升级new1/Python/PythontoBomJson/xmltojson.py:275] [INFO]- len of bomQuolist=128
2019-11-05 11:07:05,197 [D:/HGSoftware/全友一体化20190418-0507已升级new1/Python/PythontoBomJson/xmltojson.py:276] [INFO]- len of mProductList=1
2019-11-05 11:07:05,197 [D:/HGSoftware/全友一体化20190418-0507已升级new1/Python/PythontoBomJson/xmltojson.py:277] [INFO]- len of Desdoorlist=7
2019-11-05 11:07:05,197 [D:/HGSoftware/全友一体化20190418-0507已升级new1/Python/PythontoBomJson/xmltojson.py:278] [INFO]- len of Desslidinglist=0
2019-11-05 11:07:05,197 [D:/HGSoftware/全友一体化20190418-0507已升级new1/Python/PythontoBomJson/xmltojson.py:279] [INFO]- len of mBDXMLList=12
2019-11-05 11:07:12,948 [D:/HGSoftware/全友一体化20190418-0507已升级new1/Python/PythontoBomJson/xmltojson.py:296] [INFO]- len of basewjlist1=60
2019-11-05 11:07:13,121 [D:/HGSoftware/全友一体化20190418-0507已升级new1/Python/PythontoBomJson/xmltojson.py:301] [INFO]- len of basewjlist2=569
2019-11-05 11:08:31,148 [D:\HGSoftware\全友一体化20190418-0507已升级new1\Python\Log\all.log:3751] [INFO]- LUAPath=D:\HGSoftware\全友一体化20190418-0507已升级new1\Program\
2019-11-05 11:08:31,148 [D:\HGSoftware\全友一体化20190418-0507已升级new1\Python\Log\all.log:3753] [INFO]- luafile:D:\HGSoftware\全友一体化20190418-0507已升级new1\Program\竖脚线规则.lua
2019-11-05 11:08:31,444 [D:\HGSoftware\全友一体化20190418-0507已升级new1\Python\Log\all.log:3751] [INFO]- LUAPath=D:\HGSoftware\全友一体化20190418-0507已升级new1\Program\
2019-11-05 11:08:31,444 [D:\HGSoftware\全友一体化20190418-0507已升级new1\Python\Log\all.log:3753] [INFO]- luafile:D:\HGSoftware\全友一体化20190418-0507已升级new1\Program\抽盒内嵌-三节导轨.lua
2019-11-05 11:08:31,664 [D:\HGSoftware\全友一体化20190418-0507已升级new1\Python\Log\all.log:3751] [INFO]- LUAPath=D:\HGSoftware\全友一体化20190418-0507已升级new1\Program\
2019-11-05 11:08:31,664 [D:\HGSoftware\全友一体化20190418-0507已升级new1\Python\Log\all.log:3753] [INFO]- luafile:D:\HGSoftware\全友一体化20190418-0507已升级new1\Program\竖脚线规则.lua
2019-11-05 11:08:31,852 [D:\HGSoftware\全友一体化20190418-0507已升级new1\Python\Log\all.log:3751] [INFO]- LUAPath=D:\HGSoftware\全友一体化20190418-0507已升级new1\Program\
2019-11-05 11:08:31,852 [D:\HGSoftware\全友一体化20190418-0507已升级new1\Python\Log\all.log:3753] [INFO]- luafile:D:\HGSoftware\全友一体化20190418-0507已升级new1\Program\竖脚线规则.lua
2019-11-05 11:08:32,243 [D:\HGSoftware\全友一体化20190418-0507已升级new1\Python\Log\all.log:2038] [INFO]- 掩门,掩门
2019-11-05 11:08:32,727 [D:\HGSoftware\全友一体化20190418-0507已升级new1\Python\Log\all.log:2038] [INFO]- 掩门,掩门
2019-11-05 11:08:33,164 [D:\HGSoftware\全友一体化20190418-0507已升级new1\Python\Log\all.log:2038] [INFO]- 掩门,掩门
2019-11-05 11:08:33,601 [D:\HGSoftware\全友一体化20190418-0507已升级new1\Python\Log\all.log:2038] [INFO]- 掩门,掩门
2019-11-05 11:08:34,039 [D:\HGSoftware\全友一体化20190418-0507已升级new1\Python\Log\all.log:2038] [INFO]- 掩门,掩门
2019-11-05 11:08:34,476 [D:\HGSoftware\全友一体化20190418-0507已升级new1\Python\Log\all.log:2038] [INFO]- 掩门,掩门
2019-11-05 11:08:34,946 [D:\HGSoftware\全友一体化20190418-0507已升级new1\Python\Log\all.log:2038] [INFO]- 掩门,掩门
2019-11-05 11:08:35,414 [D:/HGSoftware/全友一体化20190418-0507已升级new1/Python/PythontoBomJson/xmltojson.py:274] [INFO]- len of bomlist=132
2019-11-05 11:08:35,414 [D:/HGSoftware/全友一体化20190418-0507已升级new1/Python/PythontoBomJson/xmltojson.py:275] [INFO]- len of bomQuolist=128
2019-11-05 11:08:35,414 [D:/HGSoftware/全友一体化20190418-0507已升级new1/Python/PythontoBomJson/xmltojson.py:276] [INFO]- len of mProductList=1
2019-11-05 11:08:35,414 [D:/HGSoftware/全友一体化20190418-0507已升级new1/Python/PythontoBomJson/xmltojson.py:277] [INFO]- len of Desdoorlist=7
2019-11-05 11:08:35,414 [D:/HGSoftware/全友一体化20190418-0507已升级new1/Python/PythontoBomJson/xmltojson.py:278] [INFO]- len of Desslidinglist=0
2019-11-05 11:08:35,414 [D:/HGSoftware/全友一体化20190418-0507已升级new1/Python/PythontoBomJson/xmltojson.py:279] [INFO]- len of mBDXMLList=12
2019-11-05 11:08:41,665 [D:/HGSoftware/全友一体化20190418-0507已升级new1/Python/PythontoBomJson/xmltojson.py:296] [INFO]- len of basewjlist1=60
2019-11-05 11:08:41,805 [D:/HGSoftware/全友一体化20190418-0507已升级new1/Python/PythontoBomJson/xmltojson.py:301] [INFO]- len of basewjlist2=569
2019-11-05 11:09:49,479 [D:\HGSoftware\全友一体化20190418-0507已升级new1\Python\Log\all.log:3751] [INFO]- LUAPath=D:\HGSoftware\全友一体化20190418-0507已升级new1\Program\
2019-11-05 11:09:49,479 [D:\HGSoftware\全友一体化20190418-0507已升级new1\Python\Log\all.log:3753] [INFO]- luafile:D:\HGSoftware\全友一体化20190418-0507已升级new1\Program\竖脚线规则.lua
2019-11-05 11:09:49,822 [D:\HGSoftware\全友一体化20190418-0507已升级new1\Python\Log\all.log:3751] [INFO]- LUAPath=D:\HGSoftware\全友一体化20190418-0507已升级new1\Program\
2019-11-05 11:09:49,822 [D:\HGSoftware\全友一体化20190418-0507已升级new1\Python\Log\all.log:3753] [INFO]- luafile:D:\HGSoftware\全友一体化20190418-0507已升级new1\Program\抽盒内嵌-三节导轨.lua
2019-11-05 11:09:50,088 [D:\HGSoftware\全友一体化20190418-0507已升级new1\Python\Log\all.log:3751] [INFO]- LUAPath=D:\HGSoftware\全友一体化20190418-0507已升级new1\Program\
2019-11-05 11:09:50,088 [D:\HGSoftware\全友一体化20190418-0507已升级new1\Python\Log\all.log:3753] [INFO]- luafile:D:\HGSoftware\全友一体化20190418-0507已升级new1\Program\竖脚线规则.lua
2019-11-05 11:09:50,292 [D:\HGSoftware\全友一体化20190418-0507已升级new1\Python\Log\all.log:3751] [INFO]- LUAPath=D:\HGSoftware\全友一体化20190418-0507已升级new1\Program\
2019-11-05 11:09:50,292 [D:\HGSoftware\全友一体化20190418-0507已升级new1\Python\Log\all.log:3753] [INFO]- luafile:D:\HGSoftware\全友一体化20190418-0507已升级new1\Program\竖脚线规则.lua
2019-11-05 11:09:50,776 [D:\HGSoftware\全友一体化20190418-0507已升级new1\Python\Log\all.log:2038] [INFO]- 掩门,掩门
2019-11-05 11:09:51,479 [D:\HGSoftware\全友一体化20190418-0507已升级new1\Python\Log\all.log:2038] [INFO]- 掩门,掩门
2019-11-05 11:09:52,088 [D:\HGSoftware\全友一体化20190418-0507已升级new1\Python\Log\all.log:2038] [INFO]- 掩门,掩门
2019-11-05 11:09:52,683 [D:\HGSoftware\全友一体化20190418-0507已升级new1\Python\Log\all.log:2038] [INFO]- 掩门,掩门
2019-11-05 11:09:53,260 [D:\HGSoftware\全友一体化20190418-0507已升级new1\Python\Log\all.log:2038] [INFO]- 掩门,掩门
2019-11-05 11:09:53,855 [D:\HGSoftware\全友一体化20190418-0507已升级new1\Python\Log\all.log:2038] [INFO]- 掩门,掩门
2019-11-05 11:09:54,447 [D:\HGSoftware\全友一体化20190418-0507已升级new1\Python\Log\all.log:2038] [INFO]- 掩门,掩门
2019-11-05 11:09:55,010 [D:/HGSoftware/全友一体化20190418-0507已升级new1/Python/PythontoBomJson/xmltojson.py:274] [INFO]- len of bomlist=132
2019-11-05 11:09:55,010 [D:/HGSoftware/全友一体化20190418-0507已升级new1/Python/PythontoBomJson/xmltojson.py:275] [INFO]- len of bomQuolist=128
2019-11-05 11:09:55,010 [D:/HGSoftware/全友一体化20190418-0507已升级new1/Python/PythontoBomJson/xmltojson.py:276] [INFO]- len of mProductList=1
2019-11-05 11:09:55,010 [D:/HGSoftware/全友一体化20190418-0507已升级new1/Python/PythontoBomJson/xmltojson.py:277] [INFO]- len of Desdoorlist=7
2019-11-05 11:09:55,010 [D:/HGSoftware/全友一体化20190418-0507已升级new1/Python/PythontoBomJson/xmltojson.py:278] [INFO]- len of Desslidinglist=0
2019-11-05 11:09:55,010 [D:/HGSoftware/全友一体化20190418-0507已升级new1/Python/PythontoBomJson/xmltojson.py:279] [INFO]- len of mBDXMLList=12
2019-11-05 11:10:02,651 [D:/HGSoftware/全友一体化20190418-0507已升级new1/Python/PythontoBomJson/xmltojson.py:296] [INFO]- len of basewjlist1=60
2019-11-05 11:10:02,822 [D:/HGSoftware/全友一体化20190418-0507已升级new1/Python/PythontoBomJson/xmltojson.py:301] [INFO]- len of basewjlist2=569
2019-11-05 11:10:59,855 [D:\HGSoftware\全友一体化20190418-0507已升级new1\Python\Log\all.log:3751] [INFO]- LUAPath=D:\HGSoftware\全友一体化20190418-0507已升级new1\Program\
2019-11-05 11:10:59,855 [D:\HGSoftware\全友一体化20190418-0507已升级new1\Python\Log\all.log:3753] [INFO]- luafile:D:\HGSoftware\全友一体化20190418-0507已升级new1\Program\抽盒内嵌-三节导轨.lua
2019-11-05 11:11:01,119 [D:/HGSoftware/全友一体化20190418-0507已升级new1/Python/PythontoBomJson/xmltojson.py:274] [INFO]- len of bomlist=80
2019-11-05 11:11:01,119 [D:/HGSoftware/全友一体化20190418-0507已升级new1/Python/PythontoBomJson/xmltojson.py:275] [INFO]- len of bomQuolist=79
2019-11-05 11:11:01,119 [D:/HGSoftware/全友一体化20190418-0507已升级new1/Python/PythontoBomJson/xmltojson.py:276] [INFO]- len of mProductList=1
2019-11-05 11:11:01,119 [D:/HGSoftware/全友一体化20190418-0507已升级new1/Python/PythontoBomJson/xmltojson.py:277] [INFO]- len of Desdoorlist=0
2019-11-05 11:11:01,119 [D:/HGSoftware/全友一体化20190418-0507已升级new1/Python/PythontoBomJson/xmltojson.py:278] [INFO]- len of Desslidinglist=0
2019-11-05 11:11:01,119 [D:/HGSoftware/全友一体化20190418-0507已升级new1/Python/PythontoBomJson/xmltojson.py:279] [INFO]- len of mBDXMLList=1
2019-11-05 11:11:03,059 [D:/HGSoftware/全友一体化20190418-0507已升级new1/Python/PythontoBomJson/xmltojson.py:296] [INFO]- len of basewjlist1=3
2019-11-05 11:11:03,573 [D:/HGSoftware/全友一体化20190418-0507已升级new1/Python/PythontoBomJson/xmltojson.py:301] [INFO]- len of basewjlist2=60
2019-11-05 11:11:42,776 [D:\HGSoftware\全友一体化20190418-0507已升级new1\Python\Log\all.log:3751] [INFO]- LUAPath=D:\HGSoftware\全友一体化20190418-0507已升级new1\Program\
2019-11-05 11:11:42,776 [D:\HGSoftware\全友一体化20190418-0507已升级new1\Python\Log\all.log:3753] [INFO]- luafile:D:\HGSoftware\全友一体化20190418-0507已升级new1\Program\抽盒内嵌-三节导轨.lua
2019-11-05 11:11:43,121 [D:/HGSoftware/全友一体化20190418-0507已升级new1/Python/PythontoBomJson/xmltojson.py:274] [INFO]- len of bomlist=80
2019-11-05 11:11:43,121 [D:/HGSoftware/全友一体化20190418-0507已升级new1/Python/PythontoBomJson/xmltojson.py:275] [INFO]- len of bomQuolist=79
2019-11-05 11:11:43,121 [D:/HGSoftware/全友一体化20190418-0507已升级new1/Python/PythontoBomJson/xmltojson.py:276] [INFO]- len of mProductList=1
2019-11-05 11:11:43,121 [D:/HGSoftware/全友一体化20190418-0507已升级new1/Python/PythontoBomJson/xmltojson.py:277] [INFO]- len of Desdoorlist=0
2019-11-05 11:11:43,121 [D:/HGSoftware/全友一体化20190418-0507已升级new1/Python/PythontoBomJson/xmltojson.py:278] [INFO]- len of Desslidinglist=0
2019-11-05 11:11:43,121 [D:/HGSoftware/全友一体化20190418-0507已升级new1/Python/PythontoBomJson/xmltojson.py:279] [INFO]- len of mBDXMLList=1
2019-11-05 11:11:44,980 [D:/HGSoftware/全友一体化20190418-0507已升级new1/Python/PythontoBomJson/xmltojson.py:296] [INFO]- len of basewjlist1=3
2019-11-05 11:11:45,167 [D:/HGSoftware/全友一体化20190418-0507已升级new1/Python/PythontoBomJson/xmltojson.py:301] [INFO]- len of basewjlist2=60
2019-11-05 11:13:44,963 [D:\HGSoftware\全友一体化20190418-0507已升级new1\Python\Log\all.log:3751] [INFO]- LUAPath=D:\HGSoftware\全友一体化20190418-0507已升级new1\Program\
2019-11-05 11:13:44,963 [D:\HGSoftware\全友一体化20190418-0507已升级new1\Python\Log\all.log:3753] [INFO]- luafile:D:\HGSoftware\全友一体化20190418-0507已升级new1\Program\抽盒内嵌-三节导轨.lua
2019-11-05 11:13:45,244 [D:/HGSoftware/全友一体化20190418-0507已升级new1/Python/PythontoBomJson/xmltojson.py:274] [INFO]- len of bomlist=80
2019-11-05 11:13:45,244 [D:/HGSoftware/全友一体化20190418-0507已升级new1/Python/PythontoBomJson/xmltojson.py:275] [INFO]- len of bomQuolist=79
2019-11-05 11:13:45,244 [D:/HGSoftware/全友一体化20190418-0507已升级new1/Python/PythontoBomJson/xmltojson.py:276] [INFO]- len of mProductList=1
2019-11-05 11:13:45,244 [D:/HGSoftware/全友一体化20190418-0507已升级new1/Python/PythontoBomJson/xmltojson.py:277] [INFO]- len of Desdoorlist=0
2019-11-05 11:13:45,244 [D:/HGSoftware/全友一体化20190418-0507已升级new1/Python/PythontoBomJson/xmltojson.py:278] [INFO]- len of Desslidinglist=0
2019-11-05 11:13:45,244 [D:/HGSoftware/全友一体化20190418-0507已升级new1/Python/PythontoBomJson/xmltojson.py:279] [INFO]- len of mBDXMLList=1
2019-11-05 11:13:46,716 [D:/HGSoftware/全友一体化20190418-0507已升级new1/Python/PythontoBomJson/xmltojson.py:296] [INFO]- len of basewjlist1=3
2019-11-05 11:13:46,871 [D:/HGSoftware/全友一体化20190418-0507已升级new1/Python/PythontoBomJson/xmltojson.py:301] [INFO]- len of basewjlist2=60
2019-11-05 11:26:17,183 [D:\HGSoftware\全友一体化20190418-0507已升级new1\Python\Log\all.log:3751] [INFO]- LUAPath=D:\HGSoftware\全友一体化20190418-0507已升级new1\Program\
2019-11-05 11:26:17,183 [D:\HGSoftware\全友一体化20190418-0507已升级new1\Python\Log\all.log:3753] [INFO]- luafile:D:\HGSoftware\全友一体化20190418-0507已升级new1\Program\抽盒内嵌-三节导轨.lua
2019-11-05 11:26:17,635 [D:/HGSoftware/全友一体化20190418-0507已升级new1/Python/PythontoBomJson/xmltojson.py:274] [INFO]- len of bomlist=80
2019-11-05 11:26:17,635 [D:/HGSoftware/全友一体化20190418-0507已升级new1/Python/PythontoBomJson/xmltojson.py:275] [INFO]- len of bomQuolist=79
2019-11-05 11:26:17,635 [D:/HGSoftware/全友一体化20190418-0507已升级new1/Python/PythontoBomJson/xmltojson.py:276] [INFO]- len of mProductList=1
2019-11-05 11:26:17,635 [D:/HGSoftware/全友一体化20190418-0507已升级new1/Python/PythontoBomJson/xmltojson.py:277] [INFO]- len of Desdoorlist=0
2019-11-05 11:26:17,635 [D:/HGSoftware/全友一体化20190418-0507已升级new1/Python/PythontoBomJson/xmltojson.py:278] [INFO]- len of Desslidinglist=0
2019-11-05 11:26:17,635 [D:/HGSoftware/全友一体化20190418-0507已升级new1/Python/PythontoBomJson/xmltojson.py:279] [INFO]- len of mBDXMLList=1
2019-11-05 11:42:38,072 [D:\HGSoftware\全友一体化20190418-0507已升级new1\Python\Log\all.log:3751] [INFO]- LUAPath=D:\HGSoftware\全友一体化20190418-0507已升级new1\Program\
2019-11-05 11:42:38,072 [D:\HGSoftware\全友一体化20190418-0507已升级new1\Python\Log\all.log:3753] [INFO]- luafile:D:\HGSoftware\全友一体化20190418-0507已升级new1\Program\抽盒内嵌-三节导轨.lua
2019-11-05 11:42:38,369 [D:/HGSoftware/全友一体化20190418-0507已升级new1/Python/PythontoBomJson/xmltojson.py:279] [INFO]- len of bomlist=80
2019-11-05 11:42:38,369 [D:/HGSoftware/全友一体化20190418-0507已升级new1/Python/PythontoBomJson/xmltojson.py:280] [INFO]- len of bomQuolist=79
2019-11-05 11:42:38,369 [D:/HGSoftware/全友一体化20190418-0507已升级new1/Python/PythontoBomJson/xmltojson.py:281] [INFO]- len of mProductList=1
2019-11-05 11:42:38,369 [D:/HGSoftware/全友一体化20190418-0507已升级new1/Python/PythontoBomJson/xmltojson.py:282] [INFO]- len of Desdoorlist=0
2019-11-05 11:42:38,369 [D:/HGSoftware/全友一体化20190418-0507已升级new1/Python/PythontoBomJson/xmltojson.py:283] [INFO]- len of Desslidinglist=0
2019-11-05 11:42:38,369 [D:/HGSoftware/全友一体化20190418-0507已升级new1/Python/PythontoBomJson/xmltojson.py:284] [INFO]- len of mBDXMLList=1
2019-11-05 11:42:40,479 [D:/HGSoftware/全友一体化20190418-0507已升级new1/Python/PythontoBomJson/xmltojson.py:301] [INFO]- len of basewjlist1=3
2019-11-05 11:42:40,697 [D:/HGSoftware/全友一体化20190418-0507已升级new1/Python/PythontoBomJson/xmltojson.py:306] [INFO]- len of basewjlist2=60
2019-11-05 11:43:06,509 [D:\HGSoftware\全友一体化20190418-0507已升级new1\Python\Log\all.log:3751] [INFO]- LUAPath=D:\HGSoftware\全友一体化20190418-0507已升级new1\Program\
2019-11-05 11:43:06,509 [D:\HGSoftware\全友一体化20190418-0507已升级new1\Python\Log\all.log:3753] [INFO]- luafile:D:\HGSoftware\全友一体化20190418-0507已升级new1\Program\抽盒内嵌-三节导轨.lua
2019-11-05 11:43:06,759 [D:/HGSoftware/全友一体化20190418-0507已升级new1/Python/PythontoBomJson/xmltojson.py:279] [INFO]- len of bomlist=80
2019-11-05 11:43:06,759 [D:/HGSoftware/全友一体化20190418-0507已升级new1/Python/PythontoBomJson/xmltojson.py:280] [INFO]- len of bomQuolist=79
2019-11-05 11:43:06,759 [D:/HGSoftware/全友一体化20190418-0507已升级new1/Python/PythontoBomJson/xmltojson.py:281] [INFO]- len of mProductList=1
2019-11-05 11:43:06,759 [D:/HGSoftware/全友一体化20190418-0507已升级new1/Python/PythontoBomJson/xmltojson.py:282] [INFO]- len of Desdoorlist=0
2019-11-05 11:43:06,759 [D:/HGSoftware/全友一体化20190418-0507已升级new1/Python/PythontoBomJson/xmltojson.py:283] [INFO]- len of Desslidinglist=0
2019-11-05 11:43:06,759 [D:/HGSoftware/全友一体化20190418-0507已升级new1/Python/PythontoBomJson/xmltojson.py:284] [INFO]- len of mBDXMLList=1
2019-11-05 11:43:08,528 [D:/HGSoftware/全友一体化20190418-0507已升级new1/Python/PythontoBomJson/xmltojson.py:301] [INFO]- len of basewjlist1=3
2019-11-05 11:43:08,698 [D:/HGSoftware/全友一体化20190418-0507已升级new1/Python/PythontoBomJson/xmltojson.py:306] [INFO]- len of basewjlist2=60
2019-11-05 11:44:28,164 [D:\HGSoftware\全友一体化20190418-0507已升级new1\Python\Log\all.log:3751] [INFO]- LUAPath=D:\HGSoftware\全友一体化20190418-0507已升级new1\Program\
2019-11-05 11:44:28,164 [D:\HGSoftware\全友一体化20190418-0507已升级new1\Python\Log\all.log:3753] [INFO]- luafile:D:\HGSoftware\全友一体化20190418-0507已升级new1\Program\抽盒内嵌-三节导轨.lua
2019-11-05 11:44:28,585 [D:/HGSoftware/全友一体化20190418-0507已升级new1/Python/PythontoBomJson/xmltojson.py:279] [INFO]- len of bomlist=80
2019-11-05 11:44:28,585 [D:/HGSoftware/全友一体化20190418-0507已升级new1/Python/PythontoBomJson/xmltojson.py:280] [INFO]- len of bomQuolist=79
2019-11-05 11:44:28,585 [D:/HGSoftware/全友一体化20190418-0507已升级new1/Python/PythontoBomJson/xmltojson.py:281] [INFO]- len of mProductList=1
2019-11-05 11:44:28,585 [D:/HGSoftware/全友一体化20190418-0507已升级new1/Python/PythontoBomJson/xmltojson.py:282] [INFO]- len of Desdoorlist=0
2019-11-05 11:44:28,585 [D:/HGSoftware/全友一体化20190418-0507已升级new1/Python/PythontoBomJson/xmltojson.py:283] [INFO]- len of Desslidinglist=0
2019-11-05 11:44:28,585 [D:/HGSoftware/全友一体化20190418-0507已升级new1/Python/PythontoBomJson/xmltojson.py:284] [INFO]- len of mBDXMLList=1
2019-11-05 11:44:31,385 [D:/HGSoftware/全友一体化20190418-0507已升级new1/Python/PythontoBomJson/xmltojson.py:301] [INFO]- len of basewjlist1=3
2019-11-05 11:44:31,697 [D:/HGSoftware/全友一体化20190418-0507已升级new1/Python/PythontoBomJson/xmltojson.py:306] [INFO]- len of basewjlist2=60
2019-11-05 11:45:43,042 [D:\HGSoftware\全友一体化20190418-0507已升级new1\Python\Log\all.log:3751] [INFO]- LUAPath=D:\HGSoftware\全友一体化20190418-0507已升级new1\Program\
2019-11-05 11:45:43,042 [D:\HGSoftware\全友一体化20190418-0507已升级new1\Python\Log\all.log:3753] [INFO]- luafile:D:\HGSoftware\全友一体化20190418-0507已升级new1\Program\抽盒内嵌-三节导轨.lua
2019-11-05 11:45:43,354 [D:/HGSoftware/全友一体化20190418-0507已升级new1/Python/PythontoBomJson/xmltojson.py:279] [INFO]- len of bomlist=80
2019-11-05 11:45:43,354 [D:/HGSoftware/全友一体化20190418-0507已升级new1/Python/PythontoBomJson/xmltojson.py:280] [INFO]- len of bomQuolist=79
2019-11-05 11:45:43,354 [D:/HGSoftware/全友一体化20190418-0507已升级new1/Python/PythontoBomJson/xmltojson.py:281] [INFO]- len of mProductList=1
2019-11-05 11:45:43,354 [D:/HGSoftware/全友一体化20190418-0507已升级new1/Python/PythontoBomJson/xmltojson.py:282] [INFO]- len of Desdoorlist=0
2019-11-05 11:45:43,354 [D:/HGSoftware/全友一体化20190418-0507已升级new1/Python/PythontoBomJson/xmltojson.py:283] [INFO]- len of Desslidinglist=0
2019-11-05 11:45:43,354 [D:/HGSoftware/全友一体化20190418-0507已升级new1/Python/PythontoBomJson/xmltojson.py:284] [INFO]- len of mBDXMLList=1
2019-11-05 11:45:45,259 [D:/HGSoftware/全友一体化20190418-0507已升级new1/Python/PythontoBomJson/xmltojson.py:301] [INFO]- len of basewjlist1=3
2019-11-05 11:45:45,447 [D:/HGSoftware/全友一体化20190418-0507已升级new1/Python/PythontoBomJson/xmltojson.py:306] [INFO]- len of basewjlist2=60
2019-11-05 11:46:33,854 [D:\HGSoftware\全友一体化20190418-0507已升级new1\Python\Log\all.log:3751] [INFO]- LUAPath=D:\HGSoftware\全友一体化20190418-0507已升级new1\Program\
2019-11-05 11:46:33,854 [D:\HGSoftware\全友一体化20190418-0507已升级new1\Python\Log\all.log:3753] [INFO]- luafile:D:\HGSoftware\全友一体化20190418-0507已升级new1\Program\抽盒内嵌-三节导轨.lua
2019-11-05 11:46:34,119 [D:/HGSoftware/全友一体化20190418-0507已升级new1/Python/PythontoBomJson/xmltojson.py:279] [INFO]- len of bomlist=80
2019-11-05 11:46:34,119 [D:/HGSoftware/全友一体化20190418-0507已升级new1/Python/PythontoBomJson/xmltojson.py:280] [INFO]- len of bomQuolist=79
2019-11-05 11:46:34,119 [D:/HGSoftware/全友一体化20190418-0507已升级new1/Python/PythontoBomJson/xmltojson.py:281] [INFO]- len of mProductList=1
2019-11-05 11:46:34,119 [D:/HGSoftware/全友一体化20190418-0507已升级new1/Python/PythontoBomJson/xmltojson.py:282] [INFO]- len of Desdoorlist=0
2019-11-05 11:46:34,119 [D:/HGSoftware/全友一体化20190418-0507已升级new1/Python/PythontoBomJson/xmltojson.py:283] [INFO]- len of Desslidinglist=0
2019-11-05 11:46:34,119 [D:/HGSoftware/全友一体化20190418-0507已升级new1/Python/PythontoBomJson/xmltojson.py:284] [INFO]- len of mBDXMLList=1
2019-11-05 11:46:35,604 [D:/HGSoftware/全友一体化20190418-0507已升级new1/Python/PythontoBomJson/xmltojson.py:301] [INFO]- len of basewjlist1=3
2019-11-05 11:46:35,759 [D:/HGSoftware/全友一体化20190418-0507已升级new1/Python/PythontoBomJson/xmltojson.py:306] [INFO]- len of basewjlist2=60
